[ 2016-04-09T00:00:34+08:00 ] 127.0.0.1 /Home/Index/index.html
INFO: [ app_init ] --START--
INFO: Run Behavior\BuildLiteBehavior [ RunTime:0.000018s ]
INFO: [ app_init ] --END-- [ RunTime:0.000451s ]
INFO: [ app_begin ] --START--
INFO: Run Behavior\ReadHtmlCacheBehavior [ RunTime:0.000629s ]
INFO: [ app_begin ] --END-- [ RunTime:0.000682s ]
SQL: SHOW COLUMNS FROM `b_goods` [ RunTime:0.0028s ]
SQL: SELECT * FROM `b_goods` WHERE ( gis_selloff=0 ) ORDER BY gcreate_time DESC  [ RunTime:0.0007s ]
SQL: SELECT * FROM `b_goods` WHERE ( gis_selloff=0 ) ORDER BY gcreate_time ASC LIMIT 7   [ RunTime:0.0003s ]
SQL: SHOW COLUMNS FROM `b_vcart` [ RunTime:0.0031s ]
SQL: SELECT COUNT(*) AS tp_count FROM `b_vcart` WHERE `uid` = 1 LIMIT 1   [ RunTime:0.0003s ]
SQL: SELECT * FROM `b_vcart` WHERE `uid` = 1  [ RunTime:0.0003s ]
SQL: SELECT SUM(gprice) AS tp_sum FROM `b_vcart` LIMIT 1   [ RunTime:0.0003s ]
INFO: [ view_parse ] --START--
INFO: [ template_filter ] --START--
INFO: Run Behavior\ContentReplaceBehavior [ RunTime:0.000118s ]
INFO: [ template_filter ] --END-- [ RunTime:0.000163s ]
INFO: Run Behavior\ParseTemplateBehavior [ RunTime:0.017321s ]
INFO: [ view_parse ] --END-- [ RunTime:0.017396s ]
INFO: [ view_filter ] --START--
INFO: Run Behavior\WriteHtmlCacheBehavior [ RunTime:0.000531s ]
INFO: [ view_filter ] --END-- [ RunTime:0.000573s ]
INFO: [ app_end ] --START--
INFO: Run Behavior\ShowPageTraceBehavior [ RunTime:0.001133s ]
INFO: [ app_end ] --END-- [ RunTime:0.001218s ]

[ 2016-04-09T00:00:36+08:00 ] 127.0.0.1 /Home/Goods/category.html?tid=1
INFO: [ app_init ] --START--
INFO: Run Behavior\BuildLiteBehavior [ RunTime:0.000021s ]
INFO: [ app_init ] --END-- [ RunTime:0.000557s ]
INFO: [ app_begin ] --START--
INFO: Run Behavior\ReadHtmlCacheBehavior [ RunTime:0.001065s ]
INFO: [ app_begin ] --END-- [ RunTime:0.001183s ]
SQL: SHOW COLUMNS FROM `b_type` [ RunTime:0.0020s ]
SQL: SELECT * FROM `b_type` WHERE `tid` = 1  [ RunTime:0.0002s ]
SQL: SHOW COLUMNS FROM `b_goods` [ RunTime:0.0045s ]
SQL: SELECT * FROM `b_goods` WHERE ( gis_selloff=0 ) AND `gtypeid` = 1  [ RunTime:0.0004s ]
SQL: SHOW COLUMNS FROM `b_vcart` [ RunTime:0.0027s ]
SQL: SELECT COUNT(*) AS tp_count FROM `b_vcart` WHERE `uid` = 1 LIMIT 1   [ RunTime:0.0003s ]
SQL: SELECT * FROM `b_vcart` WHERE `uid` = 1  [ RunTime:0.0003s ]
SQL: SELECT SUM(gprice) AS tp_sum FROM `b_vcart` LIMIT 1   [ RunTime:0.0002s ]
INFO: [ view_parse ] --START--
INFO: [ template_filter ] --START--
INFO: Run Behavior\ContentReplaceBehavior [ RunTime:0.000157s ]
INFO: [ template_filter ] --END-- [ RunTime:0.000232s ]
NOTIC: [8] Undefined index: gtypeid D:\Lanseria\Documents\php\backpacker\Application\Runtime\Cache\Home\2d4e2009b13538603a7bd8695213c8c3.php 第 139 行.
INFO: Run Behavior\ParseTemplateBehavior [ RunTime:0.014934s ]
INFO: [ view_parse ] --END-- [ RunTime:0.015004s ]
INFO: [ view_filter ] --START--
INFO: Run Behavior\WriteHtmlCacheBehavior [ RunTime:0.000582s ]
INFO: [ view_filter ] --END-- [ RunTime:0.000640s ]
INFO: [ app_end ] --START--
INFO: Run Behavior\ShowPageTraceBehavior [ RunTime:0.000843s ]
INFO: [ app_end ] --END-- [ RunTime:0.000926s ]

[ 2016-04-09T00:00:38+08:00 ] 127.0.0.1 /Home/Index/index.html
INFO: [ app_init ] --START--
INFO: Run Behavior\BuildLiteBehavior [ RunTime:0.000013s ]
INFO: [ app_init ] --END-- [ RunTime:0.000352s ]
INFO: [ app_begin ] --START--
INFO: Run Behavior\ReadHtmlCacheBehavior [ RunTime:0.000518s ]
INFO: [ app_begin ] --END-- [ RunTime:0.000563s ]
SQL: SHOW COLUMNS FROM `b_goods` [ RunTime:0.0031s ]
SQL: SELECT * FROM `b_goods` WHERE ( gis_selloff=0 ) ORDER BY gcreate_time DESC  [ RunTime:0.0007s ]
SQL: SELECT * FROM `b_goods` WHERE ( gis_selloff=0 ) ORDER BY gcreate_time ASC LIMIT 7   [ RunTime:0.0009s ]
SQL: SHOW COLUMNS FROM `b_vcart` [ RunTime:0.0032s ]
SQL: SELECT COUNT(*) AS tp_count FROM `b_vcart` WHERE `uid` = 1 LIMIT 1   [ RunTime:0.0004s ]
SQL: SELECT * FROM `b_vcart` WHERE `uid` = 1  [ RunTime:0.0003s ]
SQL: SELECT SUM(gprice) AS tp_sum FROM `b_vcart` LIMIT 1   [ RunTime:0.0002s ]
INFO: [ view_parse ] --START--
INFO: [ template_filter ] --START--
INFO: Run Behavior\ContentReplaceBehavior [ RunTime:0.000118s ]
INFO: [ template_filter ] --END-- [ RunTime:0.000166s ]
INFO: Run Behavior\ParseTemplateBehavior [ RunTime:0.015606s ]
INFO: [ view_parse ] --END-- [ RunTime:0.015661s ]
INFO: [ view_filter ] --START--
INFO: Run Behavior\WriteHtmlCacheBehavior [ RunTime:0.000513s ]
INFO: [ view_filter ] --END-- [ RunTime:0.000559s ]
INFO: [ app_end ] --START--
INFO: Run Behavior\ShowPageTraceBehavior [ RunTime:0.001042s ]
INFO: [ app_end ] --END-- [ RunTime:0.001121s ]

[ 2016-04-09T00:00:41+08:00 ] 127.0.0.1 /Home/Goods/cart.html
INFO: [ app_init ] --START--
INFO: Run Behavior\BuildLiteBehavior [ RunTime:0.000012s ]
INFO: [ app_init ] --END-- [ RunTime:0.000302s ]
INFO: [ app_begin ] --START--
INFO: Run Behavior\ReadHtmlCacheBehavior [ RunTime:0.000504s ]
INFO: [ app_begin ] --END-- [ RunTime:0.000556s ]
SQL: SHOW COLUMNS FROM `b_vcart` [ RunTime:0.0031s ]
SQL: SELECT COUNT(*) AS tp_count FROM `b_vcart` WHERE `uid` = 1 LIMIT 1   [ RunTime:0.0004s ]
SQL: SELECT * FROM `b_vcart` WHERE `uid` = 1  [ RunTime:0.0005s ]
SQL: SELECT SUM(gprice) AS tp_sum FROM `b_vcart` LIMIT 1   [ RunTime:0.0006s ]
INFO: [ view_parse ] --START--
INFO: [ template_filter ] --START--
INFO: Run Behavior\ContentReplaceBehavior [ RunTime:0.000199s ]
INFO: [ template_filter ] --END-- [ RunTime:0.000257s ]
INFO: Run Behavior\ParseTemplateBehavior [ RunTime:0.014890s ]
INFO: [ view_parse ] --END-- [ RunTime:0.014977s ]
INFO: [ view_filter ] --START--
INFO: Run Behavior\WriteHtmlCacheBehavior [ RunTime:0.000541s ]
INFO: [ view_filter ] --END-- [ RunTime:0.000595s ]
INFO: [ app_end ] --START--
INFO: Run Behavior\ShowPageTraceBehavior [ RunTime:0.001605s ]
INFO: [ app_end ] --END-- [ RunTime:0.001686s ]

[ 2016-04-09T00:01:01+08:00 ] 127.0.0.1 /Home/Goods/category.html?tid=1
INFO: [ app_init ] --START--
INFO: Run Behavior\BuildLiteBehavior [ RunTime:0.000018s ]
INFO: [ app_init ] --END-- [ RunTime:0.000362s ]
INFO: [ app_begin ] --START--
INFO: Run Behavior\ReadHtmlCacheBehavior [ RunTime:0.000495s ]
INFO: [ app_begin ] --END-- [ RunTime:0.000538s ]
SQL: SHOW COLUMNS FROM `b_type` [ RunTime:0.0029s ]
SQL: SELECT * FROM `b_type` WHERE `tid` = 1  [ RunTime:0.0004s ]
SQL: SHOW COLUMNS FROM `b_goods` [ RunTime:0.0029s ]
SQL: SELECT * FROM `b_goods` WHERE ( gis_selloff=0 ) AND `gtypeid` = 1  [ RunTime:0.0004s ]
SQL: SHOW COLUMNS FROM `b_vcart` [ RunTime:0.0028s ]
SQL: SELECT COUNT(*) AS tp_count FROM `b_vcart` WHERE `uid` = 1 LIMIT 1   [ RunTime:0.0004s ]
SQL: SELECT * FROM `b_vcart` WHERE `uid` = 1  [ RunTime:0.0003s ]
SQL: SELECT SUM(gprice) AS tp_sum FROM `b_vcart` LIMIT 1   [ RunTime:0.0002s ]
INFO: [ view_parse ] --START--
INFO: [ template_filter ] --START--
INFO: Run Behavior\ContentReplaceBehavior [ RunTime:0.000188s ]
INFO: [ template_filter ] --END-- [ RunTime:0.000272s ]
NOTIC: [8] Undefined index: gtypeid D:\Lanseria\Documents\php\backpacker\Application\Runtime\Cache\Home\2d4e2009b13538603a7bd8695213c8c3.php 第 139 行.
INFO: Run Behavior\ParseTemplateBehavior [ RunTime:0.016081s ]
INFO: [ view_parse ] --END-- [ RunTime:0.016130s ]
INFO: [ view_filter ] --START--
INFO: Run Behavior\WriteHtmlCacheBehavior [ RunTime:0.000484s ]
INFO: [ view_filter ] --END-- [ RunTime:0.000532s ]
INFO: [ app_end ] --START--
INFO: Run Behavior\ShowPageTraceBehavior [ RunTime:0.001033s ]
INFO: [ app_end ] --END-- [ RunTime:0.001126s ]

[ 2016-04-09T00:01:45+08:00 ] 127.0.0.1 /Home/Goods/category.html?tid=1
INFO: [ app_init ] --START--
INFO: Run Behavior\BuildLiteBehavior [ RunTime:0.000019s ]
INFO: [ app_init ] --END-- [ RunTime:0.000402s ]
INFO: [ app_begin ] --START--
INFO: Run Behavior\ReadHtmlCacheBehavior [ RunTime:0.000660s ]
INFO: [ app_begin ] --END-- [ RunTime:0.000717s ]
SQL: SHOW COLUMNS FROM `b_type` [ RunTime:0.0035s ]
SQL: SELECT * FROM `b_type` WHERE `tid` = 1  [ RunTime:0.0003s ]
SQL: SHOW COLUMNS FROM `b_goods` [ RunTime:0.0026s ]
SQL: SELECT * FROM `b_goods` WHERE ( gis_selloff=0 ) AND `gtypeid` = 1  [ RunTime:0.0003s ]
SQL: SHOW COLUMNS FROM `b_vcart` [ RunTime:0.0027s ]
SQL: SELECT COUNT(*) AS tp_count FROM `b_vcart` WHERE `uid` = 1 LIMIT 1   [ RunTime:0.0004s ]
SQL: SELECT * FROM `b_vcart` WHERE `uid` = 1  [ RunTime:0.0003s ]
SQL: SELECT SUM(gprice) AS tp_sum FROM `b_vcart` LIMIT 1   [ RunTime:0.0002s ]
INFO: [ view_parse ] --START--
INFO: [ template_filter ] --START--
INFO: Run Behavior\ContentReplaceBehavior [ RunTime:0.000195s ]
INFO: [ template_filter ] --END-- [ RunTime:0.000258s ]
NOTIC: [8] Undefined index: gtypeid D:\Lanseria\Documents\php\backpacker\Application\Runtime\Cache\Home\2d4e2009b13538603a7bd8695213c8c3.php 第 139 行.
INFO: Run Behavior\ParseTemplateBehavior [ RunTime:0.015753s ]
INFO: [ view_parse ] --END-- [ RunTime:0.015803s ]
INFO: [ view_filter ] --START--
INFO: Run Behavior\WriteHtmlCacheBehavior [ RunTime:0.000510s ]
INFO: [ view_filter ] --END-- [ RunTime:0.000546s ]
INFO: [ app_end ] --START--
INFO: Run Behavior\ShowPageTraceBehavior [ RunTime:0.002209s ]
INFO: [ app_end ] --END-- [ RunTime:0.002292s ]

[ 2016-04-09T00:01:48+08:00 ] 127.0.0.1 /Home/Index/index.html
INFO: [ app_init ] --START--
INFO: Run Behavior\BuildLiteBehavior [ RunTime:0.000013s ]
INFO: [ app_init ] --END-- [ RunTime:0.000676s ]
INFO: [ app_begin ] --START--
INFO: Run Behavior\ReadHtmlCacheBehavior [ RunTime:0.000528s ]
INFO: [ app_begin ] --END-- [ RunTime:0.000574s ]
SQL: SHOW COLUMNS FROM `b_goods` [ RunTime:0.0025s ]
SQL: SELECT * FROM `b_goods` WHERE ( gis_selloff=0 ) ORDER BY gcreate_time DESC  [ RunTime:0.0005s ]
SQL: SELECT * FROM `b_goods` WHERE ( gis_selloff=0 ) ORDER BY gcreate_time ASC LIMIT 7   [ RunTime:0.0003s ]
SQL: SHOW COLUMNS FROM `b_vcart` [ RunTime:0.0030s ]
SQL: SELECT COUNT(*) AS tp_count FROM `b_vcart` WHERE `uid` = 1 LIMIT 1   [ RunTime:0.0003s ]
SQL: SELECT * FROM `b_vcart` WHERE `uid` = 1  [ RunTime:0.0003s ]
SQL: SELECT SUM(gprice) AS tp_sum FROM `b_vcart` LIMIT 1   [ RunTime:0.0002s ]
INFO: [ view_parse ] --START--
INFO: [ template_filter ] --START--
INFO: Run Behavior\ContentReplaceBehavior [ RunTime:0.000116s ]
INFO: [ template_filter ] --END-- [ RunTime:0.000160s ]
INFO: Run Behavior\ParseTemplateBehavior [ RunTime:0.016983s ]
INFO: [ view_parse ] --END-- [ RunTime:0.017053s ]
INFO: [ view_filter ] --START--
INFO: Run Behavior\WriteHtmlCacheBehavior [ RunTime:0.000517s ]
INFO: [ view_filter ] --END-- [ RunTime:0.000573s ]
INFO: [ app_end ] --START--
INFO: Run Behavior\ShowPageTraceBehavior [ RunTime:0.001927s ]
INFO: [ app_end ] --END-- [ RunTime:0.002023s ]

[ 2016-04-09T00:01:50+08:00 ] 127.0.0.1 /Home/Goods/cart.html
INFO: [ app_init ] --START--
INFO: Run Behavior\BuildLiteBehavior [ RunTime:0.000048s ]
INFO: [ app_init ] --END-- [ RunTime:0.000576s ]
INFO: [ app_begin ] --START--
INFO: Run Behavior\ReadHtmlCacheBehavior [ RunTime:0.000981s ]
INFO: [ app_begin ] --END-- [ RunTime:0.001068s ]
SQL: SHOW COLUMNS FROM `b_vcart` [ RunTime:0.0036s ]
SQL: SELECT COUNT(*) AS tp_count FROM `b_vcart` WHERE `uid` = 1 LIMIT 1   [ RunTime:0.0004s ]
SQL: SELECT * FROM `b_vcart` WHERE `uid` = 1  [ RunTime:0.0004s ]
SQL: SELECT SUM(gprice) AS tp_sum FROM `b_vcart` LIMIT 1   [ RunTime:0.0003s ]
INFO: [ view_parse ] --START--
INFO: [ template_filter ] --START--
INFO: Run Behavior\ContentReplaceBehavior [ RunTime:0.000239s ]
INFO: [ template_filter ] --END-- [ RunTime:0.000314s ]
INFO: Run Behavior\ParseTemplateBehavior [ RunTime:0.017530s ]
INFO: [ view_parse ] --END-- [ RunTime:0.017618s ]
INFO: [ view_filter ] --START--
INFO: Run Behavior\WriteHtmlCacheBehavior [ RunTime:0.000633s ]
INFO: [ view_filter ] --END-- [ RunTime:0.000698s ]
INFO: [ app_end ] --START--
INFO: Run Behavior\ShowPageTraceBehavior [ RunTime:0.001022s ]
INFO: [ app_end ] --END-- [ RunTime:0.001107s ]

[ 2016-04-09T00:01:58+08:00 ] 127.0.0.1 /Home/Index/index.html
INFO: [ app_init ] --START--
INFO: Run Behavior\BuildLiteBehavior [ RunTime:0.000018s ]
INFO: [ app_init ] --END-- [ RunTime:0.001950s ]
INFO: [ app_begin ] --START--
INFO: Run Behavior\ReadHtmlCacheBehavior [ RunTime:0.000505s ]
INFO: [ app_begin ] --END-- [ RunTime:0.000551s ]
SQL: SHOW COLUMNS FROM `b_goods` [ RunTime:0.0024s ]
SQL: SELECT * FROM `b_goods` WHERE ( gis_selloff=0 ) ORDER BY gcreate_time DESC  [ RunTime:0.0004s ]
SQL: SELECT * FROM `b_goods` WHERE ( gis_selloff=0 ) ORDER BY gcreate_time ASC LIMIT 7   [ RunTime:0.0003s ]
SQL: SHOW COLUMNS FROM `b_vcart` [ RunTime:0.0053s ]
SQL: SELECT COUNT(*) AS tp_count FROM `b_vcart` WHERE `uid` = 1 LIMIT 1   [ RunTime:0.0005s ]
SQL: SELECT * FROM `b_vcart` WHERE `uid` = 1  [ RunTime:0.0005s ]
SQL: SELECT SUM(gprice) AS tp_sum FROM `b_vcart` LIMIT 1   [ RunTime:0.0004s ]
INFO: [ view_parse ] --START--
INFO: [ template_filter ] --START--
INFO: Run Behavior\ContentReplaceBehavior [ RunTime:0.000237s ]
INFO: [ template_filter ] --END-- [ RunTime:0.000344s ]
INFO: Run Behavior\ParseTemplateBehavior [ RunTime:0.015072s ]
INFO: [ view_parse ] --END-- [ RunTime:0.015137s ]
INFO: [ view_filter ] --START--
INFO: Run Behavior\WriteHtmlCacheBehavior [ RunTime:0.000539s ]
INFO: [ view_filter ] --END-- [ RunTime:0.000584s ]
INFO: [ app_end ] --START--
INFO: Run Behavior\ShowPageTraceBehavior [ RunTime:0.001021s ]
INFO: [ app_end ] --END-- [ RunTime:0.001173s ]

[ 2016-04-09T00:03:29+08:00 ] 127.0.0.1 /Home/Index/index.html
INFO: [ app_init ] --START--
INFO: Run Behavior\BuildLiteBehavior [ RunTime:0.000015s ]
INFO: [ app_init ] --END-- [ RunTime:0.000399s ]
INFO: [ app_begin ] --START--
INFO: Run Behavior\ReadHtmlCacheBehavior [ RunTime:0.000775s ]
INFO: [ app_begin ] --END-- [ RunTime:0.000852s ]
SQL: SHOW COLUMNS FROM `b_goods` [ RunTime:0.0029s ]
SQL: SELECT * FROM `b_goods` WHERE ( gis_selloff=0 ) ORDER BY gcreate_time DESC  [ RunTime:0.0006s ]
SQL: SELECT * FROM `b_goods` WHERE ( gis_selloff=0 ) ORDER BY gcreate_time ASC LIMIT 7   [ RunTime:0.0003s ]
SQL: SHOW COLUMNS FROM `b_vcart` [ RunTime:0.0028s ]
SQL: SELECT COUNT(*) AS tp_count FROM `b_vcart` WHERE `uid` = 1 LIMIT 1   [ RunTime:0.0004s ]
SQL: SELECT * FROM `b_vcart` WHERE `uid` = 1  [ RunTime:0.0004s ]
SQL: SELECT SUM(gprice) AS tp_sum FROM `b_vcart` LIMIT 1   [ RunTime:0.0002s ]
INFO: [ view_parse ] --START--
INFO: [ template_filter ] --START--
INFO: Run Behavior\ContentReplaceBehavior [ RunTime:0.000116s ]
INFO: [ template_filter ] --END-- [ RunTime:0.000170s ]
INFO: Run Behavior\ParseTemplateBehavior [ RunTime:0.014124s ]
INFO: [ view_parse ] --END-- [ RunTime:0.014192s ]
INFO: [ view_filter ] --START--
INFO: Run Behavior\WriteHtmlCacheBehavior [ RunTime:0.000523s ]
INFO: [ view_filter ] --END-- [ RunTime:0.000577s ]
INFO: [ app_end ] --START--
INFO: Run Behavior\ShowPageTraceBehavior [ RunTime:0.000834s ]
INFO: [ app_end ] --END-- [ RunTime:0.000915s ]

[ 2016-04-09T00:03:32+08:00 ] 127.0.0.1 /Home/Goods/category.html?tid=7
INFO: [ app_init ] --START--
INFO: Run Behavior\BuildLiteBehavior [ RunTime:0.000030s ]
INFO: [ app_init ] --END-- [ RunTime:0.001043s ]
INFO: [ app_begin ] --START--
INFO: Run Behavior\ReadHtmlCacheBehavior [ RunTime:0.000876s ]
INFO: [ app_begin ] --END-- [ RunTime:0.000965s ]
SQL: SHOW COLUMNS FROM `b_type` [ RunTime:0.0026s ]
SQL: SELECT * FROM `b_type` WHERE `tid` = 7  [ RunTime:0.0003s ]
SQL: SHOW COLUMNS FROM `b_goods` [ RunTime:0.0028s ]
SQL: SELECT * FROM `b_goods` WHERE ( gis_selloff=0 ) AND `gtypeid` = 7  [ RunTime:0.0004s ]
SQL: SHOW COLUMNS FROM `b_vcart` [ RunTime:0.0046s ]
SQL: SELECT COUNT(*) AS tp_count FROM `b_vcart` WHERE `uid` = 1 LIMIT 1   [ RunTime:0.0004s ]
SQL: SELECT * FROM `b_vcart` WHERE `uid` = 1  [ RunTime:0.0004s ]
SQL: SELECT SUM(gprice) AS tp_sum FROM `b_vcart` LIMIT 1   [ RunTime:0.0003s ]
INFO: [ view_parse ] --START--
INFO: [ template_filter ] --START--
INFO: Run Behavior\ContentReplaceBehavior [ RunTime:0.000172s ]
INFO: [ template_filter ] --END-- [ RunTime:0.000243s ]
NOTIC: [8] Undefined index: gtypeid D:\Lanseria\Documents\php\backpacker\Application\Runtime\Cache\Home\2d4e2009b13538603a7bd8695213c8c3.php 第 139 行.
INFO: Run Behavior\ParseTemplateBehavior [ RunTime:0.018697s ]
INFO: [ view_parse ] --END-- [ RunTime:0.018768s ]
INFO: [ view_filter ] --START--
INFO: Run Behavior\WriteHtmlCacheBehavior [ RunTime:0.000490s ]
INFO: [ view_filter ] --END-- [ RunTime:0.000541s ]
INFO: [ app_end ] --START--
INFO: Run Behavior\ShowPageTraceBehavior [ RunTime:0.000767s ]
INFO: [ app_end ] --END-- [ RunTime:0.000839s ]

[ 2016-04-09T00:03:38+08:00 ] 127.0.0.1 /Home/Goods/category.html?tid=8
INFO: [ app_init ] --START--
INFO: Run Behavior\BuildLiteBehavior [ RunTime:0.000014s ]
INFO: [ app_init ] --END-- [ RunTime:0.000362s ]
INFO: [ app_begin ] --START--
INFO: Run Behavior\ReadHtmlCacheBehavior [ RunTime:0.000494s ]
INFO: [ app_begin ] --END-- [ RunTime:0.000545s ]
SQL: SHOW COLUMNS FROM `b_type` [ RunTime:0.0025s ]
SQL: SELECT * FROM `b_type` WHERE `tid` = 8  [ RunTime:0.0003s ]
SQL: SHOW COLUMNS FROM `b_goods` [ RunTime:0.0027s ]
SQL: SELECT * FROM `b_goods` WHERE ( gis_selloff=0 ) AND `gtypeid` = 8  [ RunTime:0.0003s ]
SQL: SHOW COLUMNS FROM `b_vcart` [ RunTime:0.0028s ]
SQL: SELECT COUNT(*) AS tp_count FROM `b_vcart` WHERE `uid` = 1 LIMIT 1   [ RunTime:0.0004s ]
SQL: SELECT * FROM `b_vcart` WHERE `uid` = 1  [ RunTime:0.0003s ]
SQL: SELECT SUM(gprice) AS tp_sum FROM `b_vcart` LIMIT 1   [ RunTime:0.0002s ]
INFO: [ view_parse ] --START--
INFO: [ template_filter ] --START--
INFO: Run Behavior\ContentReplaceBehavior [ RunTime:0.000113s ]
INFO: [ template_filter ] --END-- [ RunTime:0.000158s ]
NOTIC: [8] Undefined index: gtypeid D:\Lanseria\Documents\php\backpacker\Application\Runtime\Cache\Home\2d4e2009b13538603a7bd8695213c8c3.php 第 139 行.
INFO: Run Behavior\ParseTemplateBehavior [ RunTime:0.014654s ]
INFO: [ view_parse ] --END-- [ RunTime:0.014718s ]
INFO: [ view_filter ] --START--
INFO: Run Behavior\WriteHtmlCacheBehavior [ RunTime:0.000502s ]
INFO: [ view_filter ] --END-- [ RunTime:0.000555s ]
INFO: [ app_end ] --START--
INFO: Run Behavior\ShowPageTraceBehavior [ RunTime:0.001038s ]
INFO: [ app_end ] --END-- [ RunTime:0.001125s ]

[ 2016-04-09T00:11:41+08:00 ] 127.0.0.1 /Home/Index/index.html
INFO: [ app_init ] --START--
INFO: Run Behavior\BuildLiteBehavior [ RunTime:0.000017s ]
INFO: [ app_init ] --END-- [ RunTime:0.000413s ]
INFO: [ app_begin ] --START--
INFO: Run Behavior\ReadHtmlCacheBehavior [ RunTime:0.001193s ]
INFO: [ app_begin ] --END-- [ RunTime:0.001386s ]
SQL: SHOW COLUMNS FROM `b_goods` [ RunTime:0.0042s ]
SQL: SELECT * FROM `b_goods` WHERE ( gis_selloff=0 ) ORDER BY gcreate_time DESC  [ RunTime:0.0009s ]
SQL: SELECT * FROM `b_goods` WHERE ( gis_selloff=0 ) ORDER BY gcreate_time ASC LIMIT 7   [ RunTime:0.0004s ]
SQL: SHOW COLUMNS FROM `b_vcart` [ RunTime:0.0037s ]
SQL: SELECT COUNT(*) AS tp_count FROM `b_vcart` WHERE `uid` = 1 LIMIT 1   [ RunTime:0.0005s ]
SQL: SELECT * FROM `b_vcart` WHERE `uid` = 1  [ RunTime:0.0005s ]
SQL: SELECT SUM(gprice) AS tp_sum FROM `b_vcart` LIMIT 1   [ RunTime:0.0004s ]
INFO: [ view_parse ] --START--
INFO: [ template_filter ] --START--
INFO: Run Behavior\ContentReplaceBehavior [ RunTime:0.000159s ]
INFO: [ template_filter ] --END-- [ RunTime:0.000222s ]
INFO: Run Behavior\ParseTemplateBehavior [ RunTime:0.021614s ]
INFO: [ view_parse ] --END-- [ RunTime:0.021704s ]
INFO: [ view_filter ] --START--
INFO: Run Behavior\WriteHtmlCacheBehavior [ RunTime:0.000583s ]
INFO: [ view_filter ] --END-- [ RunTime:0.000653s ]
INFO: [ app_end ] --START--
INFO: Run Behavior\ShowPageTraceBehavior [ RunTime:0.001502s ]
INFO: [ app_end ] --END-- [ RunTime:0.001727s ]

[ 2016-04-09T00:11:45+08:00 ] 127.0.0.1 /Home/Index/index.html
INFO: [ app_init ] --START--
INFO: Run Behavior\BuildLiteBehavior [ RunTime:0.000021s ]
INFO: [ app_init ] --END-- [ RunTime:0.000530s ]
INFO: [ app_begin ] --START--
INFO: Run Behavior\ReadHtmlCacheBehavior [ RunTime:0.000940s ]
INFO: [ app_begin ] --END-- [ RunTime:0.001020s ]
SQL: SHOW COLUMNS FROM `b_goods` [ RunTime:0.0112s ]
SQL: SELECT * FROM `b_goods` WHERE ( gis_selloff=0 ) ORDER BY gcreate_time DESC  [ RunTime:0.0009s ]
SQL: SELECT * FROM `b_goods` WHERE ( gis_selloff=0 ) ORDER BY gcreate_time ASC LIMIT 7   [ RunTime:0.0004s ]
SQL: SHOW COLUMNS FROM `b_vcart` [ RunTime:0.0035s ]
SQL: SELECT COUNT(*) AS tp_count FROM `b_vcart` WHERE `uid` = 1 LIMIT 1   [ RunTime:0.0005s ]
SQL: SELECT * FROM `b_vcart` WHERE `uid` = 1  [ RunTime:0.0005s ]
SQL: SELECT SUM(gprice) AS tp_sum FROM `b_vcart` LIMIT 1   [ RunTime:0.0003s ]
INFO: [ view_parse ] --START--
INFO: [ template_filter ] --START--
INFO: Run Behavior\ContentReplaceBehavior [ RunTime:0.000158s ]
INFO: [ template_filter ] --END-- [ RunTime:0.000218s ]
INFO: Run Behavior\ParseTemplateBehavior [ RunTime:0.020406s ]
INFO: [ view_parse ] --END-- [ RunTime:0.020493s ]
INFO: [ view_filter ] --START--
INFO: Run Behavior\WriteHtmlCacheBehavior [ RunTime:0.000738s ]
INFO: [ view_filter ] --END-- [ RunTime:0.000804s ]
INFO: [ app_end ] --START--
INFO: Run Behavior\ShowPageTraceBehavior [ RunTime:0.001476s ]
INFO: [ app_end ] --END-- [ RunTime:0.001580s ]

[ 2016-04-09T00:12:04+08:00 ] 127.0.0.1 /Home/Goods/category.html?tid=13
INFO: [ app_init ] --START--
INFO: Run Behavior\BuildLiteBehavior [ RunTime:0.000024s ]
INFO: [ app_init ] --END-- [ RunTime:0.000552s ]
INFO: [ app_begin ] --START--
INFO: Run Behavior\ReadHtmlCacheBehavior [ RunTime:0.000795s ]
INFO: [ app_begin ] --END-- [ RunTime:0.000881s ]
SQL: SHOW COLUMNS FROM `b_type` [ RunTime:0.0030s ]
SQL: SELECT * FROM `b_type` WHERE `tid` = 13  [ RunTime:0.0005s ]
SQL: SHOW COLUMNS FROM `b_goods` [ RunTime:0.0038s ]
SQL: SELECT * FROM `b_goods` WHERE ( gis_selloff=0 ) AND `gtypeid` = 13  [ RunTime:0.0005s ]
SQL: SHOW COLUMNS FROM `b_vcart` [ RunTime:0.0043s ]
SQL: SELECT COUNT(*) AS tp_count FROM `b_vcart` WHERE `uid` = 1 LIMIT 1   [ RunTime:0.0010s ]
SQL: SELECT * FROM `b_vcart` WHERE `uid` = 1  [ RunTime:0.0006s ]
SQL: SELECT SUM(gprice) AS tp_sum FROM `b_vcart` LIMIT 1   [ RunTime:0.0004s ]
INFO: [ view_parse ] --START--
INFO: [ template_filter ] --START--
INFO: Run Behavior\ContentReplaceBehavior [ RunTime:0.000294s ]
INFO: [ template_filter ] --END-- [ RunTime:0.000378s ]
NOTIC: [8] Undefined index: gtypeid D:\Lanseria\Documents\php\backpacker\Application\Runtime\Cache\Home\2d4e2009b13538603a7bd8695213c8c3.php 第 139 行.
INFO: Run Behavior\ParseTemplateBehavior [ RunTime:0.025491s ]
INFO: [ view_parse ] --END-- [ RunTime:0.025607s ]
INFO: [ view_filter ] --START--
INFO: Run Behavior\WriteHtmlCacheBehavior [ RunTime:0.000623s ]
INFO: [ view_filter ] --END-- [ RunTime:0.000702s ]
INFO: [ app_end ] --START--
INFO: Run Behavior\ShowPageTraceBehavior [ RunTime:0.001409s ]
INFO: [ app_end ] --END-- [ RunTime:0.001524s ]

[ 2016-04-09T00:12:07+08:00 ] 127.0.0.1 /Home/Goods/category.html?tid=14
INFO: [ app_init ] --START--
INFO: Run Behavior\BuildLiteBehavior [ RunTime:0.000028s ]
INFO: [ app_init ] --END-- [ RunTime:0.000716s ]
INFO: [ app_begin ] --START--
INFO: Run Behavior\ReadHtmlCacheBehavior [ RunTime:0.000633s ]
INFO: [ app_begin ] --END-- [ RunTime:0.000704s ]
SQL: SHOW COLUMNS FROM `b_type` [ RunTime:0.0043s ]
SQL: SELECT * FROM `b_type` WHERE `tid` = 14  [ RunTime:0.0003s ]
SQL: SHOW COLUMNS FROM `b_goods` [ RunTime:0.0035s ]
SQL: SELECT * FROM `b_goods` WHERE ( gis_selloff=0 ) AND `gtypeid` = 14  [ RunTime:0.0004s ]
SQL: SHOW COLUMNS FROM `b_vcart` [ RunTime:0.0034s ]
SQL: SELECT COUNT(*) AS tp_count FROM `b_vcart` WHERE `uid` = 1 LIMIT 1   [ RunTime:0.0006s ]
SQL: SELECT * FROM `b_vcart` WHERE `uid` = 1  [ RunTime:0.0006s ]
SQL: SELECT SUM(gprice) AS tp_sum FROM `b_vcart` LIMIT 1   [ RunTime:0.0005s ]
INFO: [ view_parse ] --START--
INFO: [ template_filter ] --START--
INFO: Run Behavior\ContentReplaceBehavior [ RunTime:0.000249s ]
INFO: [ template_filter ] --END-- [ RunTime:0.000345s ]
NOTIC: [8] Undefined index: gtypeid D:\Lanseria\Documents\php\backpacker\Application\Runtime\Cache\Home\2d4e2009b13538603a7bd8695213c8c3.php 第 139 行.
INFO: Run Behavior\ParseTemplateBehavior [ RunTime:0.021118s ]
INFO: [ view_parse ] --END-- [ RunTime:0.021225s ]
INFO: [ view_filter ] --START--
INFO: Run Behavior\WriteHtmlCacheBehavior [ RunTime:0.000639s ]
INFO: [ view_filter ] --END-- [ RunTime:0.000726s ]
INFO: [ app_end ] --START--
INFO: Run Behavior\ShowPageTraceBehavior [ RunTime:0.001228s ]
INFO: [ app_end ] --END-- [ RunTime:0.001449s ]

[ 2016-04-09T00:12:10+08:00 ] 127.0.0.1 /Home/Goods/category.html?tid=13
INFO: [ app_init ] --START--
INFO: Run Behavior\BuildLiteBehavior [ RunTime:0.000029s ]
INFO: [ app_init ] --END-- [ RunTime:0.000741s ]
INFO: [ app_begin ] --START--
INFO: Run Behavior\ReadHtmlCacheBehavior [ RunTime:0.000821s ]
INFO: [ app_begin ] --END-- [ RunTime:0.000924s ]
SQL: SHOW COLUMNS FROM `b_type` [ RunTime:0.0044s ]
SQL: SELECT * FROM `b_type` WHERE `tid` = 13  [ RunTime:0.0003s ]
SQL: SHOW COLUMNS FROM `b_goods` [ RunTime:0.0033s ]
SQL: SELECT * FROM `b_goods` WHERE ( gis_selloff=0 ) AND `gtypeid` = 13  [ RunTime:0.0005s ]
SQL: SHOW COLUMNS FROM `b_vcart` [ RunTime:0.0034s ]
SQL: SELECT COUNT(*) AS tp_count FROM `b_vcart` WHERE `uid` = 1 LIMIT 1   [ RunTime:0.0005s ]
SQL: SELECT * FROM `b_vcart` WHERE `uid` = 1  [ RunTime:0.0006s ]
SQL: SELECT SUM(gprice) AS tp_sum FROM `b_vcart` LIMIT 1   [ RunTime:0.0004s ]
INFO: [ view_parse ] --START--
INFO: [ template_filter ] --START--
INFO: Run Behavior\ContentReplaceBehavior [ RunTime:0.000272s ]
INFO: [ template_filter ] --END-- [ RunTime:0.000354s ]
NOTIC: [8] Undefined index: gtypeid D:\Lanseria\Documents\php\backpacker\Application\Runtime\Cache\Home\2d4e2009b13538603a7bd8695213c8c3.php 第 139 行.
INFO: Run Behavior\ParseTemplateBehavior [ RunTime:0.024369s ]
INFO: [ view_parse ] --END-- [ RunTime:0.024461s ]
INFO: [ view_filter ] --START--
INFO: Run Behavior\WriteHtmlCacheBehavior [ RunTime:0.000564s ]
INFO: [ view_filter ] --END-- [ RunTime:0.000629s ]
INFO: [ app_end ] --START--
INFO: Run Behavior\ShowPageTraceBehavior [ RunTime:0.001150s ]
INFO: [ app_end ] --END-- [ RunTime:0.001250s ]

[ 2016-04-09T00:12:19+08:00 ] 127.0.0.1 /Home/Goods/category.html?tid=15
INFO: [ app_init ] --START--
INFO: Run Behavior\BuildLiteBehavior [ RunTime:0.000016s ]
INFO: [ app_init ] --END-- [ RunTime:0.000411s ]
INFO: [ app_begin ] --START--
INFO: Run Behavior\ReadHtmlCacheBehavior [ RunTime:0.000480s ]
INFO: [ app_begin ] --END-- [ RunTime:0.000541s ]
SQL: SHOW COLUMNS FROM `b_type` [ RunTime:0.0028s ]
SQL: SELECT * FROM `b_type` WHERE `tid` = 15  [ RunTime:0.0003s ]
SQL: SHOW COLUMNS FROM `b_goods` [ RunTime:0.0042s ]
SQL: SELECT * FROM `b_goods` WHERE ( gis_selloff=0 ) AND `gtypeid` = 15  [ RunTime:0.0008s ]
SQL: SHOW COLUMNS FROM `b_vcart` [ RunTime:0.0044s ]
SQL: SELECT COUNT(*) AS tp_count FROM `b_vcart` WHERE `uid` = 1 LIMIT 1   [ RunTime:0.0004s ]
SQL: SELECT * FROM `b_vcart` WHERE `uid` = 1  [ RunTime:0.0004s ]
SQL: SELECT SUM(gprice) AS tp_sum FROM `b_vcart` LIMIT 1   [ RunTime:0.0003s ]
INFO: [ view_parse ] --START--
INFO: [ template_filter ] --START--
INFO: Run Behavior\ContentReplaceBehavior [ RunTime:0.000276s ]
INFO: [ template_filter ] --END-- [ RunTime:0.000362s ]
NOTIC: [8] Undefined index: gtypeid D:\Lanseria\Documents\php\backpacker\Application\Runtime\Cache\Home\2d4e2009b13538603a7bd8695213c8c3.php 第 139 行.
INFO: Run Behavior\ParseTemplateBehavior [ RunTime:0.024724s ]
INFO: [ view_parse ] --END-- [ RunTime:0.024811s ]
INFO: [ view_filter ] --START--
INFO: Run Behavior\WriteHtmlCacheBehavior [ RunTime:0.000565s ]
INFO: [ view_filter ] --END-- [ RunTime:0.000628s ]
INFO: [ app_end ] --START--
INFO: Run Behavior\ShowPageTraceBehavior [ RunTime:0.001155s ]
INFO: [ app_end ] --END-- [ RunTime:0.001250s ]

[ 2016-04-09T00:12:21+08:00 ] 127.0.0.1 /Home/Goods/category.html?tid=14
INFO: [ app_init ] --START--
INFO: Run Behavior\BuildLiteBehavior [ RunTime:0.000022s ]
INFO: [ app_init ] --END-- [ RunTime:0.000505s ]
INFO: [ app_begin ] --START--
INFO: Run Behavior\ReadHtmlCacheBehavior [ RunTime:0.000530s ]
INFO: [ app_begin ] --END-- [ RunTime:0.000596s ]
SQL: SHOW COLUMNS FROM `b_type` [ RunTime:0.0037s ]
SQL: SELECT * FROM `b_type` WHERE `tid` = 14  [ RunTime:0.0003s ]
SQL: SHOW COLUMNS FROM `b_goods` [ RunTime:0.0033s ]
SQL: SELECT * FROM `b_goods` WHERE ( gis_selloff=0 ) AND `gtypeid` = 14  [ RunTime:0.0004s ]
SQL: SHOW COLUMNS FROM `b_vcart` [ RunTime:0.0035s ]
SQL: SELECT COUNT(*) AS tp_count FROM `b_vcart` WHERE `uid` = 1 LIMIT 1   [ RunTime:0.0004s ]
SQL: SELECT * FROM `b_vcart` WHERE `uid` = 1  [ RunTime:0.0004s ]
SQL: SELECT SUM(gprice) AS tp_sum FROM `b_vcart` LIMIT 1   [ RunTime:0.0003s ]
INFO: [ view_parse ] --START--
INFO: [ template_filter ] --START--
INFO: Run Behavior\ContentReplaceBehavior [ RunTime:0.000318s ]
INFO: [ template_filter ] --END-- [ RunTime:0.000407s ]
NOTIC: [8] Undefined index: gtypeid D:\Lanseria\Documents\php\backpacker\Application\Runtime\Cache\Home\2d4e2009b13538603a7bd8695213c8c3.php 第 139 行.
INFO: Run Behavior\ParseTemplateBehavior [ RunTime:0.021828s ]
INFO: [ view_parse ] --END-- [ RunTime:0.021908s ]
INFO: [ view_filter ] --START--
INFO: Run Behavior\WriteHtmlCacheBehavior [ RunTime:0.000568s ]
INFO: [ view_filter ] --END-- [ RunTime:0.000632s ]
INFO: [ app_end ] --START--
INFO: Run Behavior\ShowPageTraceBehavior [ RunTime:0.001229s ]
INFO: [ app_end ] --END-- [ RunTime:0.001330s ]

[ 2016-04-09T00:12:24+08:00 ] 127.0.0.1 /Home/Goods/category.html?tid=13
INFO: [ app_init ] --START--
INFO: Run Behavior\BuildLiteBehavior [ RunTime:0.000024s ]
INFO: [ app_init ] --END-- [ RunTime:0.000537s ]
INFO: [ app_begin ] --START--
INFO: Run Behavior\ReadHtmlCacheBehavior [ RunTime:0.000652s ]
INFO: [ app_begin ] --END-- [ RunTime:0.000737s ]
SQL: SHOW COLUMNS FROM `b_type` [ RunTime:0.0040s ]
SQL: SELECT * FROM `b_type` WHERE `tid` = 13  [ RunTime:0.0003s ]
SQL: SHOW COLUMNS FROM `b_goods` [ RunTime:0.0038s ]
SQL: SELECT * FROM `b_goods` WHERE ( gis_selloff=0 ) AND `gtypeid` = 13  [ RunTime:0.0005s ]
SQL: SHOW COLUMNS FROM `b_vcart` [ RunTime:0.0040s ]
SQL: SELECT COUNT(*) AS tp_count FROM `b_vcart` WHERE `uid` = 1 LIMIT 1   [ RunTime:0.0005s ]
SQL: SELECT * FROM `b_vcart` WHERE `uid` = 1  [ RunTime:0.0006s ]
SQL: SELECT SUM(gprice) AS tp_sum FROM `b_vcart` LIMIT 1   [ RunTime:0.0004s ]
INFO: [ view_parse ] --START--
INFO: [ template_filter ] --START--
INFO: Run Behavior\ContentReplaceBehavior [ RunTime:0.000165s ]
INFO: [ template_filter ] --END-- [ RunTime:0.000232s ]
NOTIC: [8] Undefined index: gtypeid D:\Lanseria\Documents\php\backpacker\Application\Runtime\Cache\Home\2d4e2009b13538603a7bd8695213c8c3.php 第 139 行.
INFO: Run Behavior\ParseTemplateBehavior [ RunTime:0.019428s ]
INFO: [ view_parse ] --END-- [ RunTime:0.019512s ]
INFO: [ view_filter ] --START--
INFO: Run Behavior\WriteHtmlCacheBehavior [ RunTime:0.000606s ]
INFO: [ view_filter ] --END-- [ RunTime:0.000683s ]
INFO: [ app_end ] --START--
INFO: Run Behavior\ShowPageTraceBehavior [ RunTime:0.000984s ]
INFO: [ app_end ] --END-- [ RunTime:0.001089s ]

[ 2016-04-09T00:12:26+08:00 ] 127.0.0.1 /Home/Goods/category.html?tid=14
INFO: [ app_init ] --START--
INFO: Run Behavior\BuildLiteBehavior [ RunTime:0.000022s ]
INFO: [ app_init ] --END-- [ RunTime:0.000575s ]
INFO: [ app_begin ] --START--
INFO: Run Behavior\ReadHtmlCacheBehavior [ RunTime:0.000857s ]
INFO: [ app_begin ] --END-- [ RunTime:0.000999s ]
SQL: SHOW COLUMNS FROM `b_type` [ RunTime:0.0031s ]
SQL: SELECT * FROM `b_type` WHERE `tid` = 14  [ RunTime:0.0003s ]
SQL: SHOW COLUMNS FROM `b_goods` [ RunTime:0.0034s ]
SQL: SELECT * FROM `b_goods` WHERE ( gis_selloff=0 ) AND `gtypeid` = 14  [ RunTime:0.0005s ]
SQL: SHOW COLUMNS FROM `b_vcart` [ RunTime:0.0055s ]
SQL: SELECT COUNT(*) AS tp_count FROM `b_vcart` WHERE `uid` = 1 LIMIT 1   [ RunTime:0.0004s ]
SQL: SELECT * FROM `b_vcart` WHERE `uid` = 1  [ RunTime:0.0005s ]
SQL: SELECT SUM(gprice) AS tp_sum FROM `b_vcart` LIMIT 1   [ RunTime:0.0003s ]
INFO: [ view_parse ] --START--
INFO: [ template_filter ] --START--
INFO: Run Behavior\ContentReplaceBehavior [ RunTime:0.000256s ]
INFO: [ template_filter ] --END-- [ RunTime:0.000333s ]
NOTIC: [8] Undefined index: gtypeid D:\Lanseria\Documents\php\backpacker\Application\Runtime\Cache\Home\2d4e2009b13538603a7bd8695213c8c3.php 第 139 行.
INFO: Run Behavior\ParseTemplateBehavior [ RunTime:0.022647s ]
INFO: [ view_parse ] --END-- [ RunTime:0.022733s ]
INFO: [ view_filter ] --START--
INFO: Run Behavior\WriteHtmlCacheBehavior [ RunTime:0.000602s ]
INFO: [ view_filter ] --END-- [ RunTime:0.000674s ]
INFO: [ app_end ] --START--
INFO: Run Behavior\ShowPageTraceBehavior [ RunTime:0.001259s ]
INFO: [ app_end ] --END-- [ RunTime:0.001357s ]

[ 2016-04-09T00:12:28+08:00 ] 127.0.0.1 /Home/Goods/category.html?tid=15
INFO: [ app_init ] --START--
INFO: Run Behavior\BuildLiteBehavior [ RunTime:0.000023s ]
INFO: [ app_init ] --END-- [ RunTime:0.000505s ]
INFO: [ app_begin ] --START--
INFO: Run Behavior\ReadHtmlCacheBehavior [ RunTime:0.000635s ]
INFO: [ app_begin ] --END-- [ RunTime:0.000711s ]
SQL: SHOW COLUMNS FROM `b_type` [ RunTime:0.0041s ]
SQL: SELECT * FROM `b_type` WHERE `tid` = 15  [ RunTime:0.0003s ]
SQL: SHOW COLUMNS FROM `b_goods` [ RunTime:0.0050s ]
SQL: SELECT * FROM `b_goods` WHERE ( gis_selloff=0 ) AND `gtypeid` = 15  [ RunTime:0.0005s ]
SQL: SHOW COLUMNS FROM `b_vcart` [ RunTime:0.0036s ]
SQL: SELECT COUNT(*) AS tp_count FROM `b_vcart` WHERE `uid` = 1 LIMIT 1   [ RunTime:0.0005s ]
SQL: SELECT * FROM `b_vcart` WHERE `uid` = 1  [ RunTime:0.0005s ]
SQL: SELECT SUM(gprice) AS tp_sum FROM `b_vcart` LIMIT 1   [ RunTime:0.0004s ]
INFO: [ view_parse ] --START--
INFO: [ template_filter ] --START--
INFO: Run Behavior\ContentReplaceBehavior [ RunTime:0.000272s ]
INFO: [ template_filter ] --END-- [ RunTime:0.000356s ]
NOTIC: [8] Undefined index: gtypeid D:\Lanseria\Documents\php\backpacker\Application\Runtime\Cache\Home\2d4e2009b13538603a7bd8695213c8c3.php 第 139 行.
INFO: Run Behavior\ParseTemplateBehavior [ RunTime:0.021823s ]
INFO: [ view_parse ] --END-- [ RunTime:0.021900s ]
INFO: [ view_filter ] --START--
INFO: Run Behavior\WriteHtmlCacheBehavior [ RunTime:0.000569s ]
INFO: [ view_filter ] --END-- [ RunTime:0.000635s ]
INFO: [ app_end ] --START--
INFO: Run Behavior\ShowPageTraceBehavior [ RunTime:0.000946s ]
INFO: [ app_end ] --END-- [ RunTime:0.001040s ]

[ 2016-04-09T00:12:31+08:00 ] 127.0.0.1 /Home/Goods/category.html?tid=14
INFO: [ app_init ] --START--
INFO: Run Behavior\BuildLiteBehavior [ RunTime:0.000023s ]
INFO: [ app_init ] --END-- [ RunTime:0.000521s ]
INFO: [ app_begin ] --START--
INFO: Run Behavior\ReadHtmlCacheBehavior [ RunTime:0.000649s ]
INFO: [ app_begin ] --END-- [ RunTime:0.000732s ]
SQL: SHOW COLUMNS FROM `b_type` [ RunTime:0.0031s ]
SQL: SELECT * FROM `b_type` WHERE `tid` = 14  [ RunTime:0.0004s ]
SQL: SHOW COLUMNS FROM `b_goods` [ RunTime:0.0042s ]
SQL: SELECT * FROM `b_goods` WHERE ( gis_selloff=0 ) AND `gtypeid` = 14  [ RunTime:0.0005s ]
SQL: SHOW COLUMNS FROM `b_vcart` [ RunTime:0.0041s ]
SQL: SELECT COUNT(*) AS tp_count FROM `b_vcart` WHERE `uid` = 1 LIMIT 1   [ RunTime:0.0005s ]
SQL: SELECT * FROM `b_vcart` WHERE `uid` = 1  [ RunTime:0.0005s ]
SQL: SELECT SUM(gprice) AS tp_sum FROM `b_vcart` LIMIT 1   [ RunTime:0.0004s ]
INFO: [ view_parse ] --START--
INFO: [ template_filter ] --START--
INFO: Run Behavior\ContentReplaceBehavior [ RunTime:0.000170s ]
INFO: [ template_filter ] --END-- [ RunTime:0.000237s ]
NOTIC: [8] Undefined index: gtypeid D:\Lanseria\Documents\php\backpacker\Application\Runtime\Cache\Home\2d4e2009b13538603a7bd8695213c8c3.php 第 139 行.
INFO: Run Behavior\ParseTemplateBehavior [ RunTime:0.019163s ]
INFO: [ view_parse ] --END-- [ RunTime:0.019290s ]
INFO: [ view_filter ] --START--
INFO: Run Behavior\WriteHtmlCacheBehavior [ RunTime:0.000565s ]
INFO: [ view_filter ] --END-- [ RunTime:0.000632s ]
INFO: [ app_end ] --START--
INFO: Run Behavior\ShowPageTraceBehavior [ RunTime:0.000966s ]
INFO: [ app_end ] --END-- [ RunTime:0.001068s ]

[ 2016-04-09T00:12:58+08:00 ] 127.0.0.1 /Home/Goods/category.html?tid=14
INFO: [ app_init ] --START--
INFO: Run Behavior\BuildLiteBehavior [ RunTime:0.000029s ]
INFO: [ app_init ] --END-- [ RunTime:0.001135s ]
INFO: [ app_begin ] --START--
INFO: Run Behavior\ReadHtmlCacheBehavior [ RunTime:0.000551s ]
INFO: [ app_begin ] --END-- [ RunTime:0.000621s ]
SQL: SHOW COLUMNS FROM `b_type` [ RunTime:0.0040s ]
SQL: SELECT * FROM `b_type` WHERE `tid` = 14  [ RunTime:0.0003s ]
SQL: SHOW COLUMNS FROM `b_goods` [ RunTime:0.0034s ]
SQL: SELECT * FROM `b_goods` WHERE ( gis_selloff=0 ) AND `gtypeid` = 14  [ RunTime:0.0007s ]
SQL: SHOW COLUMNS FROM `b_vcart` [ RunTime:0.0042s ]
SQL: SELECT COUNT(*) AS tp_count FROM `b_vcart` WHERE `uid` = 1 LIMIT 1   [ RunTime:0.0005s ]
SQL: SELECT * FROM `b_vcart` WHERE `uid` = 1  [ RunTime:0.0004s ]
SQL: SELECT SUM(gprice) AS tp_sum FROM `b_vcart` LIMIT 1   [ RunTime:0.0003s ]
INFO: [ view_parse ] --START--
INFO: [ template_filter ] --START--
INFO: Run Behavior\ContentReplaceBehavior [ RunTime:0.000222s ]
INFO: [ template_filter ] --END-- [ RunTime:0.000290s ]
NOTIC: [8] Undefined index: gtypeid D:\Lanseria\Documents\php\backpacker\Application\Runtime\Cache\Home\2d4e2009b13538603a7bd8695213c8c3.php 第 139 行.
INFO: Run Behavior\ParseTemplateBehavior [ RunTime:0.019360s ]
INFO: [ view_parse ] --END-- [ RunTime:0.019442s ]
INFO: [ view_filter ] --START--
INFO: Run Behavior\WriteHtmlCacheBehavior [ RunTime:0.000608s ]
INFO: [ view_filter ] --END-- [ RunTime:0.000681s ]
INFO: [ app_end ] --START--
INFO: Run Behavior\ShowPageTraceBehavior [ RunTime:0.000978s ]
INFO: [ app_end ] --END-- [ RunTime:0.001076s ]

[ 2016-04-09T00:13:01+08:00 ] 127.0.0.1 /Home/Goods/category.html?tid=17
INFO: [ app_init ] --START--
INFO: Run Behavior\BuildLiteBehavior [ RunTime:0.000018s ]
INFO: [ app_init ] --END-- [ RunTime:0.000552s ]
INFO: [ app_begin ] --START--
INFO: Run Behavior\ReadHtmlCacheBehavior [ RunTime:0.000785s ]
INFO: [ app_begin ] --END-- [ RunTime:0.000865s ]
SQL: SHOW COLUMNS FROM `b_type` [ RunTime:0.0032s ]
SQL: SELECT * FROM `b_type` WHERE `tid` = 17  [ RunTime:0.0005s ]
SQL: SHOW COLUMNS FROM `b_goods` [ RunTime:0.0034s ]
SQL: SELECT * FROM `b_goods` WHERE ( gis_selloff=0 ) AND `gtypeid` = 17  [ RunTime:0.0004s ]
SQL: SHOW COLUMNS FROM `b_vcart` [ RunTime:0.0034s ]
SQL: SELECT COUNT(*) AS tp_count FROM `b_vcart` WHERE `uid` = 1 LIMIT 1   [ RunTime:0.0004s ]
SQL: SELECT * FROM `b_vcart` WHERE `uid` = 1  [ RunTime:0.0004s ]
SQL: SELECT SUM(gprice) AS tp_sum FROM `b_vcart` LIMIT 1   [ RunTime:0.0004s ]
INFO: [ view_parse ] --START--
INFO: [ template_filter ] --START--
INFO: Run Behavior\ContentReplaceBehavior [ RunTime:0.000266s ]
INFO: [ template_filter ] --END-- [ RunTime:0.000374s ]
NOTIC: [8] Undefined index: gtypeid D:\Lanseria\Documents\php\backpacker\Application\Runtime\Cache\Home\2d4e2009b13538603a7bd8695213c8c3.php 第 139 行.
INFO: Run Behavior\ParseTemplateBehavior [ RunTime:0.024947s ]
INFO: [ view_parse ] --END-- [ RunTime:0.025028s ]
INFO: [ view_filter ] --START--
INFO: Run Behavior\WriteHtmlCacheBehavior [ RunTime:0.000699s ]
INFO: [ view_filter ] --END-- [ RunTime:0.000766s ]
INFO: [ app_end ] --START--
INFO: Run Behavior\ShowPageTraceBehavior [ RunTime:0.001274s ]
INFO: [ app_end ] --END-- [ RunTime:0.001369s ]

[ 2016-04-09T00:13:05+08:00 ] 127.0.0.1 /Home/Goods/product.html?gid=29
INFO: [ app_init ] --START--
INFO: Run Behavior\BuildLiteBehavior [ RunTime:0.000016s ]
INFO: [ app_init ] --END-- [ RunTime:0.000391s ]
INFO: [ app_begin ] --START--
INFO: Run Behavior\ReadHtmlCacheBehavior [ RunTime:0.000645s ]
INFO: [ app_begin ] --END-- [ RunTime:0.000703s ]
SQL: SHOW COLUMNS FROM `b_goods` [ RunTime:0.0031s ]
SQL: SELECT * FROM `b_goods` WHERE `gid` = 29  [ RunTime:0.0003s ]
SQL: SHOW COLUMNS FROM `b_user` [ RunTime:0.0027s ]
SQL: SELECT * FROM `b_user` WHERE `uid` = 1  [ RunTime:0.0002s ]
SQL: select * from b_type where tid=17 [ RunTime:0.0002s ]
SQL: SELECT * FROM `b_goods` WHERE ( gis_selloff=0 ) LIMIT 4   [ RunTime:0.0002s ]
SQL: SHOW COLUMNS FROM `b_vcart` [ RunTime:0.0029s ]
SQL: SELECT COUNT(*) AS tp_count FROM `b_vcart` WHERE `uid` = 1 LIMIT 1   [ RunTime:0.0003s ]
SQL: SELECT * FROM `b_vcart` WHERE `uid` = 1  [ RunTime:0.0003s ]
SQL: SELECT SUM(gprice) AS tp_sum FROM `b_vcart` LIMIT 1   [ RunTime:0.0002s ]
INFO: [ view_parse ] --START--
INFO: [ template_filter ] --START--
INFO: Run Behavior\ContentReplaceBehavior [ RunTime:0.000223s ]
INFO: [ template_filter ] --END-- [ RunTime:0.000280s ]
NOTIC: [8] Undefined variable: tid D:\Lanseria\Documents\php\backpacker\Application\Runtime\Cache\Home\ed4d5129098f7dda825552190427329b.php 第 139 行.
INFO: Run Behavior\ParseTemplateBehavior [ RunTime:0.020844s ]
INFO: [ view_parse ] --END-- [ RunTime:0.020908s ]
INFO: [ view_filter ] --START--
INFO: Run Behavior\WriteHtmlCacheBehavior [ RunTime:0.000524s ]
INFO: [ view_filter ] --END-- [ RunTime:0.000581s ]
INFO: [ app_end ] --START--
INFO: Run Behavior\ShowPageTraceBehavior [ RunTime:0.000865s ]
INFO: [ app_end ] --END-- [ RunTime:0.000947s ]

[ 2016-04-09T00:13:06+08:00 ] 127.0.0.1 /Home/Goods/user.html?uid=1
INFO: [ app_init ] --START--
INFO: Run Behavior\BuildLiteBehavior [ RunTime:0.000016s ]
INFO: [ app_init ] --END-- [ RunTime:0.000386s ]
INFO: [ app_begin ] --START--
INFO: Run Behavior\ReadHtmlCacheBehavior [ RunTime:0.000664s ]
INFO: [ app_begin ] --END-- [ RunTime:0.000727s ]
SQL: SHOW COLUMNS FROM `b_user` [ RunTime:0.0028s ]
SQL: SELECT * FROM `b_user` WHERE `uid` = 1  [ RunTime:0.0003s ]
SQL: SHOW COLUMNS FROM `b_goods` [ RunTime:0.0029s ]
SQL: SELECT * FROM `b_goods` WHERE ( gis_selloff=0 ) AND `guid` = 1  [ RunTime:0.0006s ]
SQL: SHOW COLUMNS FROM `b_vcart` [ RunTime:0.0031s ]
SQL: SELECT COUNT(*) AS tp_count FROM `b_vcart` WHERE `uid` = 1 LIMIT 1   [ RunTime:0.0008s ]
SQL: SELECT * FROM `b_vcart` WHERE `uid` = 1  [ RunTime:0.0003s ]
SQL: SELECT SUM(gprice) AS tp_sum FROM `b_vcart` LIMIT 1   [ RunTime:0.0002s ]
INFO: [ view_parse ] --START--
INFO: [ template_filter ] --START--
INFO: Run Behavior\ContentReplaceBehavior [ RunTime:0.000190s ]
INFO: [ template_filter ] --END-- [ RunTime:0.000250s ]
INFO: Run Behavior\ParseTemplateBehavior [ RunTime:0.115007s ]
INFO: [ view_parse ] --END-- [ RunTime:0.115067s ]
INFO: [ view_filter ] --START--
INFO: Run Behavior\WriteHtmlCacheBehavior [ RunTime:0.000404s ]
INFO: [ view_filter ] --END-- [ RunTime:0.000442s ]
INFO: [ app_end ] --START--
INFO: Run Behavior\ShowPageTraceBehavior [ RunTime:0.001037s ]
INFO: [ app_end ] --END-- [ RunTime:0.001123s ]

[ 2016-04-09T00:13:12+08:00 ] 127.0.0.1 /Home/Index/index.html
INFO: [ app_init ] --START--
INFO: Run Behavior\BuildLiteBehavior [ RunTime:0.000042s ]
INFO: [ app_init ] --END-- [ RunTime:0.000615s ]
INFO: [ app_begin ] --START--
INFO: Run Behavior\ReadHtmlCacheBehavior [ RunTime:0.000539s ]
INFO: [ app_begin ] --END-- [ RunTime:0.000600s ]
SQL: SHOW COLUMNS FROM `b_goods` [ RunTime:0.0029s ]
SQL: SELECT * FROM `b_goods` WHERE ( gis_selloff=0 ) ORDER BY gcreate_time DESC  [ RunTime:0.0006s ]
SQL: SELECT * FROM `b_goods` WHERE ( gis_selloff=0 ) ORDER BY gcreate_time ASC LIMIT 7   [ RunTime:0.0003s ]
SQL: SHOW COLUMNS FROM `b_vcart` [ RunTime:0.0028s ]
SQL: SELECT COUNT(*) AS tp_count FROM `b_vcart` WHERE `uid` = 1 LIMIT 1   [ RunTime:0.0004s ]
SQL: SELECT * FROM `b_vcart` WHERE `uid` = 1  [ RunTime:0.0003s ]
SQL: SELECT SUM(gprice) AS tp_sum FROM `b_vcart` LIMIT 1   [ RunTime:0.0002s ]
INFO: [ view_parse ] --START--
INFO: [ template_filter ] --START--
INFO: Run Behavior\ContentReplaceBehavior [ RunTime:0.000142s ]
INFO: [ template_filter ] --END-- [ RunTime:0.000189s ]
INFO: Run Behavior\ParseTemplateBehavior [ RunTime:0.015633s ]
INFO: [ view_parse ] --END-- [ RunTime:0.015687s ]
INFO: [ view_filter ] --START--
INFO: Run Behavior\WriteHtmlCacheBehavior [ RunTime:0.000340s ]
INFO: [ view_filter ] --END-- [ RunTime:0.000376s ]
INFO: [ app_end ] --START--
INFO: Run Behavior\ShowPageTraceBehavior [ RunTime:0.000873s ]
INFO: [ app_end ] --END-- [ RunTime:0.000976s ]

[ 2016-04-09T00:13:58+08:00 ] 127.0.0.1 /Home/Goods/product.html?gid=2
INFO: [ app_init ] --START--
INFO: Run Behavior\BuildLiteBehavior [ RunTime:0.000019s ]
INFO: [ app_init ] --END-- [ RunTime:0.000452s ]
INFO: [ app_begin ] --START--
INFO: Run Behavior\ReadHtmlCacheBehavior [ RunTime:0.000466s ]
INFO: [ app_begin ] --END-- [ RunTime:0.000525s ]
SQL: SHOW COLUMNS FROM `b_goods` [ RunTime:0.0033s ]
SQL: SELECT * FROM `b_goods` WHERE `gid` = 2  [ RunTime:0.0004s ]
SQL: SHOW COLUMNS FROM `b_user` [ RunTime:0.0035s ]
SQL: SELECT * FROM `b_user` WHERE `uid` = 1  [ RunTime:0.0004s ]
SQL: select * from b_type where tid=10 [ RunTime:0.0002s ]
SQL: SELECT * FROM `b_goods` WHERE ( gis_selloff=0 ) LIMIT 4   [ RunTime:0.0003s ]
SQL: SHOW COLUMNS FROM `b_vcart` [ RunTime:0.0038s ]
SQL: SELECT COUNT(*) AS tp_count FROM `b_vcart` WHERE `uid` = 1 LIMIT 1   [ RunTime:0.0005s ]
SQL: SELECT * FROM `b_vcart` WHERE `uid` = 1  [ RunTime:0.0004s ]
SQL: SELECT SUM(gprice) AS tp_sum FROM `b_vcart` LIMIT 1   [ RunTime:0.0003s ]
INFO: [ view_parse ] --START--
INFO: [ template_filter ] --START--
INFO: Run Behavior\ContentReplaceBehavior [ RunTime:0.000226s ]
INFO: [ template_filter ] --END-- [ RunTime:0.000287s ]
NOTIC: [8] Undefined variable: tid D:\Lanseria\Documents\php\backpacker\Application\Runtime\Cache\Home\ed4d5129098f7dda825552190427329b.php 第 139 行.
INFO: Run Behavior\ParseTemplateBehavior [ RunTime:0.019227s ]
INFO: [ view_parse ] --END-- [ RunTime:0.019282s ]
INFO: [ view_filter ] --START--
INFO: Run Behavior\WriteHtmlCacheBehavior [ RunTime:0.000381s ]
INFO: [ view_filter ] --END-- [ RunTime:0.000426s ]
INFO: [ app_end ] --START--
INFO: Run Behavior\ShowPageTraceBehavior [ RunTime:0.000803s ]
INFO: [ app_end ] --END-- [ RunTime:0.000884s ]

[ 2016-04-09T00:14:45+08:00 ] 127.0.0.1 /Home/Goods/product.html?gid=2
INFO: [ app_init ] --START--
INFO: Run Behavior\BuildLiteBehavior [ RunTime:0.000013s ]
INFO: [ app_init ] --END-- [ RunTime:0.000309s ]
INFO: [ app_begin ] --START--
INFO: Run Behavior\ReadHtmlCacheBehavior [ RunTime:0.000423s ]
INFO: [ app_begin ] --END-- [ RunTime:0.000473s ]
SQL: SHOW COLUMNS FROM `b_goods` [ RunTime:0.0028s ]
SQL: SELECT * FROM `b_goods` WHERE `gid` = 2  [ RunTime:0.0003s ]
SQL: SHOW COLUMNS FROM `b_user` [ RunTime:0.0029s ]
SQL: SELECT * FROM `b_user` WHERE `uid` = 1  [ RunTime:0.0002s ]
SQL: select * from b_type where tid=10 [ RunTime:0.0002s ]
SQL: SELECT * FROM `b_goods` WHERE ( gis_selloff=0 ) LIMIT 4   [ RunTime:0.0002s ]
SQL: SHOW COLUMNS FROM `b_vcart` [ RunTime:0.0027s ]
SQL: SELECT COUNT(*) AS tp_count FROM `b_vcart` WHERE `uid` = 1 LIMIT 1   [ RunTime:0.0003s ]
SQL: SELECT * FROM `b_vcart` WHERE `uid` = 1  [ RunTime:0.0003s ]
SQL: SELECT SUM(gprice) AS tp_sum FROM `b_vcart` LIMIT 1   [ RunTime:0.0002s ]
INFO: [ view_parse ] --START--
INFO: [ template_filter ] --START--
INFO: Run Behavior\ContentReplaceBehavior [ RunTime:0.000198s ]
INFO: [ template_filter ] --END-- [ RunTime:0.000260s ]
NOTIC: [8] Undefined variable: tid D:\Lanseria\Documents\php\backpacker\Application\Runtime\Cache\Home\ed4d5129098f7dda825552190427329b.php 第 139 行.
INFO: Run Behavior\ParseTemplateBehavior [ RunTime:0.018220s ]
INFO: [ view_parse ] --END-- [ RunTime:0.018284s ]
INFO: [ view_filter ] --START--
INFO: Run Behavior\WriteHtmlCacheBehavior [ RunTime:0.000396s ]
INFO: [ view_filter ] --END-- [ RunTime:0.000441s ]
INFO: [ app_end ] --START--
INFO: Run Behavior\ShowPageTraceBehavior [ RunTime:0.000947s ]
INFO: [ app_end ] --END-- [ RunTime:0.001028s ]

[ 2016-04-09T00:15:12+08:00 ] 127.0.0.1 /Home/Goods/product.html?gid=2
INFO: [ app_init ] --START--
INFO: Run Behavior\BuildLiteBehavior [ RunTime:0.000016s ]
INFO: [ app_init ] --END-- [ RunTime:0.000383s ]
INFO: [ app_begin ] --START--
INFO: Run Behavior\ReadHtmlCacheBehavior [ RunTime:0.000515s ]
INFO: [ app_begin ] --END-- [ RunTime:0.000561s ]
SQL: SHOW COLUMNS FROM `b_goods` [ RunTime:0.0035s ]
SQL: SELECT * FROM `b_goods` WHERE `gid` = 2  [ RunTime:0.0004s ]
SQL: SHOW COLUMNS FROM `b_user` [ RunTime:0.0029s ]
SQL: SELECT * FROM `b_user` WHERE `uid` = 1  [ RunTime:0.0003s ]
SQL: select * from b_type where tid=10 [ RunTime:0.0002s ]
SQL: SELECT * FROM `b_goods` WHERE ( gis_selloff=0 ) LIMIT 4   [ RunTime:0.0003s ]
SQL: SHOW COLUMNS FROM `b_vcart` [ RunTime:0.0024s ]
SQL: SELECT COUNT(*) AS tp_count FROM `b_vcart` WHERE `uid` = 1 LIMIT 1   [ RunTime:0.0003s ]
SQL: SELECT * FROM `b_vcart` WHERE `uid` = 1  [ RunTime:0.0003s ]
SQL: SELECT SUM(gprice) AS tp_sum FROM `b_vcart` LIMIT 1   [ RunTime:0.0002s ]
INFO: [ view_parse ] --START--
INFO: [ template_filter ] --START--
INFO: Run Behavior\ContentReplaceBehavior [ RunTime:0.000132s ]
INFO: [ template_filter ] --END-- [ RunTime:0.000202s ]
NOTIC: [8] Undefined variable: tid D:\Lanseria\Documents\php\backpacker\Application\Runtime\Cache\Home\ed4d5129098f7dda825552190427329b.php 第 139 行.
INFO: Run Behavior\ParseTemplateBehavior [ RunTime:0.017550s ]
INFO: [ view_parse ] --END-- [ RunTime:0.017632s ]
INFO: [ view_filter ] --START--
INFO: Run Behavior\WriteHtmlCacheBehavior [ RunTime:0.000640s ]
INFO: [ view_filter ] --END-- [ RunTime:0.000731s ]
INFO: [ app_end ] --START--
INFO: Run Behavior\ShowPageTraceBehavior [ RunTime:0.001063s ]
INFO: [ app_end ] --END-- [ RunTime:0.001201s ]

[ 2016-04-09T00:15:37+08:00 ] 127.0.0.1 /Home/Goods/product.html?gid=2
INFO: [ app_init ] --START--
INFO: Run Behavior\BuildLiteBehavior [ RunTime:0.000012s ]
INFO: [ app_init ] --END-- [ RunTime:0.000294s ]
INFO: [ app_begin ] --START--
INFO: Run Behavior\ReadHtmlCacheBehavior [ RunTime:0.000401s ]
INFO: [ app_begin ] --END-- [ RunTime:0.000471s ]
SQL: SHOW COLUMNS FROM `b_goods` [ RunTime:0.0027s ]
SQL: SELECT * FROM `b_goods` WHERE `gid` = 2  [ RunTime:0.0003s ]
SQL: SHOW COLUMNS FROM `b_user` [ RunTime:0.0024s ]
SQL: SELECT * FROM `b_user` WHERE `uid` = 1  [ RunTime:0.0002s ]
SQL: select * from b_type where tid=10 [ RunTime:0.0002s ]
SQL: SELECT * FROM `b_goods` WHERE ( gis_selloff=0 ) LIMIT 4   [ RunTime:0.0002s ]
SQL: SHOW COLUMNS FROM `b_vcart` [ RunTime:0.0038s ]
SQL: SELECT COUNT(*) AS tp_count FROM `b_vcart` WHERE `uid` = 1 LIMIT 1   [ RunTime:0.0006s ]
SQL: SELECT * FROM `b_vcart` WHERE `uid` = 1  [ RunTime:0.0004s ]
SQL: SELECT SUM(gprice) AS tp_sum FROM `b_vcart` LIMIT 1   [ RunTime:0.0002s ]
INFO: [ view_parse ] --START--
INFO: [ template_filter ] --START--
INFO: Run Behavior\ContentReplaceBehavior [ RunTime:0.000177s ]
INFO: [ template_filter ] --END-- [ RunTime:0.000221s ]
NOTIC: [8] Undefined variable: tid D:\Lanseria\Documents\php\backpacker\Application\Runtime\Cache\Home\ed4d5129098f7dda825552190427329b.php 第 139 行.
INFO: Run Behavior\ParseTemplateBehavior [ RunTime:0.015277s ]
INFO: [ view_parse ] --END-- [ RunTime:0.015323s ]
INFO: [ view_filter ] --START--
INFO: Run Behavior\WriteHtmlCacheBehavior [ RunTime:0.000304s ]
INFO: [ view_filter ] --END-- [ RunTime:0.000381s ]
INFO: [ app_end ] --START--
INFO: Run Behavior\ShowPageTraceBehavior [ RunTime:0.000876s ]
INFO: [ app_end ] --END-- [ RunTime:0.000969s ]

[ 2016-04-09T00:16:06+08:00 ] 127.0.0.1 /Home/Index/index.html
INFO: [ app_init ] --START--
INFO: Run Behavior\BuildLiteBehavior [ RunTime:0.000014s ]
INFO: [ app_init ] --END-- [ RunTime:0.000332s ]
INFO: [ app_begin ] --START--
INFO: Run Behavior\ReadHtmlCacheBehavior [ RunTime:0.000490s ]
INFO: [ app_begin ] --END-- [ RunTime:0.000533s ]
SQL: SHOW COLUMNS FROM `b_goods` [ RunTime:0.0023s ]
SQL: SELECT * FROM `b_goods` WHERE ( gis_selloff=0 ) ORDER BY gcreate_time DESC  [ RunTime:0.0005s ]
SQL: SELECT * FROM `b_goods` WHERE ( gis_selloff=0 ) ORDER BY gcreate_time ASC LIMIT 7   [ RunTime:0.0003s ]
SQL: SHOW COLUMNS FROM `b_vcart` [ RunTime:0.0024s ]
SQL: SELECT COUNT(*) AS tp_count FROM `b_vcart` WHERE `uid` = 1 LIMIT 1   [ RunTime:0.0004s ]
SQL: SELECT * FROM `b_vcart` WHERE `uid` = 1  [ RunTime:0.0003s ]
SQL: SELECT SUM(gprice) AS tp_sum FROM `b_vcart` LIMIT 1   [ RunTime:0.0004s ]
INFO: [ view_parse ] --START--
INFO: [ template_filter ] --START--
INFO: Run Behavior\ContentReplaceBehavior [ RunTime:0.000110s ]
INFO: [ template_filter ] --END-- [ RunTime:0.000156s ]
INFO: Run Behavior\ParseTemplateBehavior [ RunTime:0.015786s ]
INFO: [ view_parse ] --END-- [ RunTime:0.015959s ]
INFO: [ view_filter ] --START--
INFO: Run Behavior\WriteHtmlCacheBehavior [ RunTime:0.001366s ]
INFO: [ view_filter ] --END-- [ RunTime:0.001538s ]
INFO: [ app_end ] --START--
INFO: Run Behavior\ShowPageTraceBehavior [ RunTime:0.001072s ]
INFO: [ app_end ] --END-- [ RunTime:0.001160s ]

[ 2016-04-09T00:16:09+08:00 ] 127.0.0.1 /Home/Goods/product.html?gid=9
INFO: [ app_init ] --START--
INFO: Run Behavior\BuildLiteBehavior [ RunTime:0.000016s ]
INFO: [ app_init ] --END-- [ RunTime:0.000338s ]
INFO: [ app_begin ] --START--
INFO: Run Behavior\ReadHtmlCacheBehavior [ RunTime:0.000696s ]
INFO: [ app_begin ] --END-- [ RunTime:0.000819s ]
SQL: SHOW COLUMNS FROM `b_goods` [ RunTime:0.0028s ]
SQL: SELECT * FROM `b_goods` WHERE `gid` = 9  [ RunTime:0.0003s ]
SQL: SHOW COLUMNS FROM `b_user` [ RunTime:0.0026s ]
SQL: SELECT * FROM `b_user` WHERE `uid` = 1  [ RunTime:0.0003s ]
SQL: select * from b_type where tid=6 [ RunTime:0.0001s ]
SQL: SELECT * FROM `b_goods` WHERE ( gis_selloff=0 ) LIMIT 4   [ RunTime:0.0002s ]
SQL: SHOW COLUMNS FROM `b_vcart` [ RunTime:0.0028s ]
SQL: SELECT COUNT(*) AS tp_count FROM `b_vcart` WHERE `uid` = 1 LIMIT 1   [ RunTime:0.0003s ]
SQL: SELECT * FROM `b_vcart` WHERE `uid` = 1  [ RunTime:0.0003s ]
SQL: SELECT SUM(gprice) AS tp_sum FROM `b_vcart` LIMIT 1   [ RunTime:0.0002s ]
INFO: [ view_parse ] --START--
INFO: [ template_filter ] --START--
INFO: Run Behavior\ContentReplaceBehavior [ RunTime:0.000132s ]
INFO: [ template_filter ] --END-- [ RunTime:0.000175s ]
NOTIC: [8] Undefined variable: tid D:\Lanseria\Documents\php\backpacker\Application\Runtime\Cache\Home\ed4d5129098f7dda825552190427329b.php 第 139 行.
INFO: Run Behavior\ParseTemplateBehavior [ RunTime:0.014252s ]
INFO: [ view_parse ] --END-- [ RunTime:0.014321s ]
INFO: [ view_filter ] --START--
INFO: Run Behavior\WriteHtmlCacheBehavior [ RunTime:0.000408s ]
INFO: [ view_filter ] --END-- [ RunTime:0.000466s ]
INFO: [ app_end ] --START--
INFO: Run Behavior\ShowPageTraceBehavior [ RunTime:0.000932s ]
INFO: [ app_end ] --END-- [ RunTime:0.001019s ]

[ 2016-04-09T00:16:13+08:00 ] 127.0.0.1 /Home/Index/index.html
INFO: [ app_init ] --START--
INFO: Run Behavior\BuildLiteBehavior [ RunTime:0.000013s ]
INFO: [ app_init ] --END-- [ RunTime:0.000320s ]
INFO: [ app_begin ] --START--
INFO: Run Behavior\ReadHtmlCacheBehavior [ RunTime:0.000346s ]
INFO: [ app_begin ] --END-- [ RunTime:0.000390s ]
SQL: SHOW COLUMNS FROM `b_goods` [ RunTime:0.0041s ]
SQL: SELECT * FROM `b_goods` WHERE ( gis_selloff=0 ) ORDER BY gcreate_time DESC  [ RunTime:0.0005s ]
SQL: SELECT * FROM `b_goods` WHERE ( gis_selloff=0 ) ORDER BY gcreate_time ASC LIMIT 7   [ RunTime:0.0003s ]
SQL: SHOW COLUMNS FROM `b_vcart` [ RunTime:0.0027s ]
SQL: SELECT COUNT(*) AS tp_count FROM `b_vcart` WHERE `uid` = 1 LIMIT 1   [ RunTime:0.0003s ]
SQL: SELECT * FROM `b_vcart` WHERE `uid` = 1  [ RunTime:0.0003s ]
SQL: SELECT SUM(gprice) AS tp_sum FROM `b_vcart` LIMIT 1   [ RunTime:0.0002s ]
INFO: [ view_parse ] --START--
INFO: [ template_filter ] --START--
INFO: Run Behavior\ContentReplaceBehavior [ RunTime:0.000108s ]
INFO: [ template_filter ] --END-- [ RunTime:0.000152s ]
INFO: Run Behavior\ParseTemplateBehavior [ RunTime:0.012798s ]
INFO: [ view_parse ] --END-- [ RunTime:0.012858s ]
INFO: [ view_filter ] --START--
INFO: Run Behavior\WriteHtmlCacheBehavior [ RunTime:0.000397s ]
INFO: [ view_filter ] --END-- [ RunTime:0.000443s ]
INFO: [ app_end ] --START--
INFO: Run Behavior\ShowPageTraceBehavior [ RunTime:0.001102s ]
INFO: [ app_end ] --END-- [ RunTime:0.001186s ]

[ 2016-04-09T00:19:04+08:00 ] 127.0.0.1 /Home/Index/index.html
INFO: [ app_init ] --START--
INFO: Run Behavior\BuildLiteBehavior [ RunTime:0.000012s ]
INFO: [ app_init ] --END-- [ RunTime:0.000294s ]
INFO: [ app_begin ] --START--
INFO: Run Behavior\ReadHtmlCacheBehavior [ RunTime:0.000478s ]
INFO: [ app_begin ] --END-- [ RunTime:0.000522s ]
SQL: SHOW COLUMNS FROM `b_goods` [ RunTime:0.0026s ]
SQL: SELECT * FROM `b_goods` WHERE ( gis_selloff=0 ) ORDER BY gcreate_time DESC  [ RunTime:0.0005s ]
SQL: SELECT * FROM `b_goods` WHERE ( gis_selloff=0 ) ORDER BY gcreate_time ASC LIMIT 7   [ RunTime:0.0003s ]
SQL: SHOW COLUMNS FROM `b_vcart` [ RunTime:0.0026s ]
SQL: SELECT COUNT(*) AS tp_count FROM `b_vcart` WHERE `uid` = 1 LIMIT 1   [ RunTime:0.0003s ]
SQL: SELECT * FROM `b_vcart` WHERE `uid` = 1  [ RunTime:0.0003s ]
SQL: SELECT SUM(gprice) AS tp_sum FROM `b_vcart` LIMIT 1   [ RunTime:0.0004s ]
INFO: [ view_parse ] --START--
INFO: [ template_filter ] --START--
INFO: Run Behavior\ContentReplaceBehavior [ RunTime:0.000112s ]
INFO: [ template_filter ] --END-- [ RunTime:0.000157s ]
INFO: Run Behavior\ParseTemplateBehavior [ RunTime:0.014532s ]
INFO: [ view_parse ] --END-- [ RunTime:0.014603s ]
INFO: [ view_filter ] --START--
INFO: Run Behavior\WriteHtmlCacheBehavior [ RunTime:0.000586s ]
INFO: [ view_filter ] --END-- [ RunTime:0.000652s ]
INFO: [ app_end ] --START--
INFO: Run Behavior\ShowPageTraceBehavior [ RunTime:0.000934s ]
INFO: [ app_end ] --END-- [ RunTime:0.001320s ]

