[ 2016-04-07T15:35:33+08:00 ] 127.0.0.1 /Dashboard/Goods/publiced.html
ERR: 1364:Field 'gcreate_time' doesn't have a default value
 [ SQL语句 ] : INSERT INTO `b_goods` (`gname`,`gtypeid`,`gprice`,`goldprice`,`guid`,`gadname`,`gadtel`,`gimgarray`,`gdetail`) VALUES ('速度快','17','20','40','1','张超','18858395625','20160407/57060dc5b3532.png;20160407/57060dc5b4405.jpg;20160407/57060dc5b6ffa.png;20160407/57060dc5b8278.jpg;20160407/57060dc5b8c27.jpg','热线太容易')

[ 2016-04-07T16:03:25+08:00 ] 127.0.0.1 /Dashboard/Goods/publiced.html
ERR: 不存在的图像文件

[ 2016-04-07T16:08:21+08:00 ] 127.0.0.1 /Dashboard/Goods/5
ERR: 非法操作:5

[ 2016-04-07T16:08:44+08:00 ] 127.0.0.1 /Dashboard/Goods/5
ERR: 非法操作:5

[ 2016-04-07T16:08:47+08:00 ] 127.0.0.1 /Dashboard/Goods/5
ERR: 非法操作:5

[ 2016-04-07T16:08:49+08:00 ] 127.0.0.1 /Dashboard/Goods/5
ERR: 非法操作:5

[ 2016-04-07T16:08:51+08:00 ] 127.0.0.1 /Dashboard/Goods/5
ERR: 非法操作:5

[ 2016-04-07T16:08:54+08:00 ] 127.0.0.1 /Dashboard/Goods/5
ERR: 非法操作:5

[ 2016-04-07T16:08:56+08:00 ] 127.0.0.1 /Dashboard/Goods/5
ERR: 非法操作:5

[ 2016-04-07T16:31:09+08:00 ] 127.0.0.1 /Dashboard/Goods/publiced.html
ERR: 不存在的图像文件

[ 2016-04-07T17:03:13+08:00 ] 127.0.0.1 /Dashboard/Goods/publiced.html?uid=1
INFO: [ app_init ] --START--
INFO: Run Behavior\BuildLiteBehavior [ RunTime:0.000010s ]
INFO: [ app_init ] --END-- [ RunTime:0.000255s ]
INFO: [ app_begin ] --START--
INFO: Run Behavior\ReadHtmlCacheBehavior [ RunTime:0.000504s ]
INFO: [ app_begin ] --END-- [ RunTime:0.000554s ]
SQL: SHOW COLUMNS FROM `b_type` [ RunTime:0.0023s ]
SQL: SELECT * FROM `b_type`  [ RunTime:0.0002s ]
SQL: SHOW COLUMNS FROM `b_user` [ RunTime:0.0023s ]
SQL: SELECT * FROM `b_user` WHERE `uid` = 1  [ RunTime:0.0002s ]
INFO: [ view_parse ] --START--
INFO: [ template_filter ] --START--
INFO: Run Behavior\ContentReplaceBehavior [ RunTime:0.000127s ]
INFO: [ template_filter ] --END-- [ RunTime:0.000167s ]
NOTIC: [8] Undefined variable: gac D:\Lanseria\Documents\php\backpacker\Application\Runtime\Cache\Dashboard\b7095e4cb86ee6f4fc23345c13d4528c.php 第 125 行.
NOTIC: [8] Undefined variable: cac D:\Lanseria\Documents\php\backpacker\Application\Runtime\Cache\Dashboard\b7095e4cb86ee6f4fc23345c13d4528c.php 第 133 行.
NOTIC: [8] Undefined variable: aac D:\Lanseria\Documents\php\backpacker\Application\Runtime\Cache\Dashboard\b7095e4cb86ee6f4fc23345c13d4528c.php 第 147 行.
INFO: Run Behavior\ParseTemplateBehavior [ RunTime:0.008398s ]
INFO: [ view_parse ] --END-- [ RunTime:0.008446s ]
INFO: [ view_filter ] --START--
INFO: Run Behavior\WriteHtmlCacheBehavior [ RunTime:0.000488s ]
INFO: [ view_filter ] --END-- [ RunTime:0.000537s ]
INFO: [ app_end ] --START--
INFO: Run Behavior\ShowPageTraceBehavior [ RunTime:0.000803s ]
INFO: [ app_end ] --END-- [ RunTime:0.000883s ]

[ 2016-04-07T17:03:33+08:00 ] 127.0.0.1 /Dashboard/Goods/publiced.html
INFO: [ app_init ] --START--
INFO: Run Behavior\BuildLiteBehavior [ RunTime:0.000010s ]
INFO: [ app_init ] --END-- [ RunTime:0.000253s ]
INFO: [ app_begin ] --START--
INFO: Run Behavior\ReadHtmlCacheBehavior [ RunTime:0.001356s ]
INFO: [ app_begin ] --END-- [ RunTime:0.001442s ]
NOTIC: [2] call_user_func() expects parameter 1 to be a valid callback, no array or string given D:\Lanseria\Documents\php\backpacker\ThinkPHP\Library\Think\Upload.class.php 第 170 行.
NOTIC: [2] imagejpeg(./Public/pic/20160407/mini/57062264c1c53.jpg): failed to open stream: No such file or directory D:\Lanseria\Documents\php\backpacker\ThinkPHP\Library\Think\Image\Driver\Gd.class.php 第 94 行.
SQL: SHOW COLUMNS FROM `b_goods` [ RunTime:0.0157s ]
NOTIC: [8] Undefined index: validate D:\Lanseria\Documents\php\backpacker\ThinkPHP\Library\Think\Model.class.php 第 1185 行.
NOTIC: [8] Undefined index: auto D:\Lanseria\Documents\php\backpacker\ThinkPHP\Library\Think\Model.class.php 第 1128 行.
SQL: INSERT INTO `b_goods` (`gname`,`gtypeid`,`gprice`,`goldprice`,`guid`,`gadname`,`gadtel`,`gimgarray`,`gtimgarray`,`gdetail`,`gcreate_time`) VALUES ('速度快','3','20','40','1','张超','18858395625','./Public/pic/20160407/57062264c1c53.jpg','./Public/pic/20160407/mini/57062264c1c53.jpg','大发光火','2016-04-07 17:03:32') [ RunTime:0.0742s ]
INFO: [ view_parse ] --START--
INFO: [ template_filter ] --START--
INFO: Run Behavior\ContentReplaceBehavior [ RunTime:0.000033s ]
INFO: [ template_filter ] --END-- [ RunTime:0.000070s ]
INFO: Run Behavior\ParseTemplateBehavior [ RunTime:0.004580s ]
INFO: [ view_parse ] --END-- [ RunTime:0.004624s ]
INFO: [ view_filter ] --START--
INFO: Run Behavior\WriteHtmlCacheBehavior [ RunTime:0.000454s ]
INFO: [ view_filter ] --END-- [ RunTime:0.000493s ]
INFO: [ app_end ] --START--
INFO: Run Behavior\ShowPageTraceBehavior [ RunTime:0.000623s ]
INFO: [ app_end ] --END-- [ RunTime:0.000659s ]

[ 2016-04-07T17:03:34+08:00 ] 127.0.0.1 /Dashboard/Goods/publiced.html?uid=1
INFO: [ app_init ] --START--
INFO: Run Behavior\BuildLiteBehavior [ RunTime:0.000010s ]
INFO: [ app_init ] --END-- [ RunTime:0.000294s ]
INFO: [ app_begin ] --START--
INFO: Run Behavior\ReadHtmlCacheBehavior [ RunTime:0.000415s ]
INFO: [ app_begin ] --END-- [ RunTime:0.000450s ]
SQL: SHOW COLUMNS FROM `b_type` [ RunTime:0.0024s ]
SQL: SELECT * FROM `b_type`  [ RunTime:0.0002s ]
SQL: SHOW COLUMNS FROM `b_user` [ RunTime:0.0031s ]
SQL: SELECT * FROM `b_user` WHERE `uid` = 1  [ RunTime:0.0003s ]
INFO: [ view_parse ] --START--
INFO: [ template_filter ] --START--
INFO: Run Behavior\ContentReplaceBehavior [ RunTime:0.000107s ]
INFO: [ template_filter ] --END-- [ RunTime:0.000143s ]
NOTIC: [8] Undefined variable: gac D:\Lanseria\Documents\php\backpacker\Application\Runtime\Cache\Dashboard\b7095e4cb86ee6f4fc23345c13d4528c.php 第 125 行.
NOTIC: [8] Undefined variable: cac D:\Lanseria\Documents\php\backpacker\Application\Runtime\Cache\Dashboard\b7095e4cb86ee6f4fc23345c13d4528c.php 第 133 行.
NOTIC: [8] Undefined variable: aac D:\Lanseria\Documents\php\backpacker\Application\Runtime\Cache\Dashboard\b7095e4cb86ee6f4fc23345c13d4528c.php 第 147 行.
INFO: Run Behavior\ParseTemplateBehavior [ RunTime:0.007917s ]
INFO: [ view_parse ] --END-- [ RunTime:0.007972s ]
INFO: [ view_filter ] --START--
INFO: Run Behavior\WriteHtmlCacheBehavior [ RunTime:0.000447s ]
INFO: [ view_filter ] --END-- [ RunTime:0.000484s ]
INFO: [ app_end ] --START--
INFO: Run Behavior\ShowPageTraceBehavior [ RunTime:0.000836s ]
INFO: [ app_end ] --END-- [ RunTime:0.000913s ]

[ 2016-04-07T17:13:32+08:00 ] 127.0.0.1 /Dashboard/Index/index.html?uid=1
INFO: [ app_init ] --START--
INFO: Run Behavior\BuildLiteBehavior [ RunTime:0.000010s ]
INFO: [ app_init ] --END-- [ RunTime:0.000283s ]
INFO: [ app_begin ] --START--
INFO: Run Behavior\ReadHtmlCacheBehavior [ RunTime:0.000308s ]
INFO: [ app_begin ] --END-- [ RunTime:0.000382s ]
SQL: SHOW COLUMNS FROM `b_user` [ RunTime:0.0022s ]
SQL: SELECT * FROM `b_user` WHERE `uid` = 1  [ RunTime:0.0002s ]
INFO: [ view_parse ] --START--
INFO: [ template_filter ] --START--
INFO: Run Behavior\ContentReplaceBehavior [ RunTime:0.000157s ]
INFO: [ template_filter ] --END-- [ RunTime:0.000198s ]
NOTIC: [8] Undefined variable: cac D:\Lanseria\Documents\php\backpacker\Application\Runtime\Cache\Dashboard\a6aea171ad06c649ad5b6850252b68d5.php 第 133 行.
NOTIC: [8] Undefined variable: fac D:\Lanseria\Documents\php\backpacker\Application\Runtime\Cache\Dashboard\a6aea171ad06c649ad5b6850252b68d5.php 第 140 行.
NOTIC: [8] Undefined variable: aac D:\Lanseria\Documents\php\backpacker\Application\Runtime\Cache\Dashboard\a6aea171ad06c649ad5b6850252b68d5.php 第 147 行.
INFO: Run Behavior\ParseTemplateBehavior [ RunTime:0.066668s ]
INFO: [ view_parse ] --END-- [ RunTime:0.066716s ]
INFO: [ view_filter ] --START--
INFO: Run Behavior\WriteHtmlCacheBehavior [ RunTime:0.000314s ]
INFO: [ view_filter ] --END-- [ RunTime:0.000356s ]
INFO: [ app_end ] --START--
INFO: Run Behavior\ShowPageTraceBehavior [ RunTime:0.000609s ]
INFO: [ app_end ] --END-- [ RunTime:0.000681s ]

[ 2016-04-07T17:13:35+08:00 ] 127.0.0.1 /Dashboard/Goods/publiced.html?uid=1
INFO: [ app_init ] --START--
INFO: Run Behavior\BuildLiteBehavior [ RunTime:0.000011s ]
INFO: [ app_init ] --END-- [ RunTime:0.000278s ]
INFO: [ app_begin ] --START--
INFO: Run Behavior\ReadHtmlCacheBehavior [ RunTime:0.000283s ]
INFO: [ app_begin ] --END-- [ RunTime:0.000318s ]
SQL: SHOW COLUMNS FROM `b_type` [ RunTime:0.0479s ]
SQL: SELECT * FROM `b_type`  [ RunTime:0.0005s ]
SQL: SHOW COLUMNS FROM `b_user` [ RunTime:0.0028s ]
SQL: SELECT * FROM `b_user` WHERE `uid` = 1  [ RunTime:0.0003s ]
INFO: [ view_parse ] --START--
INFO: [ template_filter ] --START--
INFO: Run Behavior\ContentReplaceBehavior [ RunTime:0.000148s ]
INFO: [ template_filter ] --END-- [ RunTime:0.000189s ]
NOTIC: [8] Undefined variable: gac D:\Lanseria\Documents\php\backpacker\Application\Runtime\Cache\Dashboard\b7095e4cb86ee6f4fc23345c13d4528c.php 第 125 行.
NOTIC: [8] Undefined variable: cac D:\Lanseria\Documents\php\backpacker\Application\Runtime\Cache\Dashboard\b7095e4cb86ee6f4fc23345c13d4528c.php 第 133 行.
NOTIC: [8] Undefined variable: aac D:\Lanseria\Documents\php\backpacker\Application\Runtime\Cache\Dashboard\b7095e4cb86ee6f4fc23345c13d4528c.php 第 147 行.
INFO: Run Behavior\ParseTemplateBehavior [ RunTime:0.023096s ]
INFO: [ view_parse ] --END-- [ RunTime:0.023155s ]
INFO: [ view_filter ] --START--
INFO: Run Behavior\WriteHtmlCacheBehavior [ RunTime:0.000239s ]
INFO: [ view_filter ] --END-- [ RunTime:0.000266s ]
INFO: [ app_end ] --START--
INFO: Run Behavior\ShowPageTraceBehavior [ RunTime:0.000789s ]
INFO: [ app_end ] --END-- [ RunTime:0.000930s ]

[ 2016-04-07T17:26:38+08:00 ] 127.0.0.1 /Dashboard/Goods/publiced.html
INFO: [ app_init ] --START--
INFO: Run Behavior\BuildLiteBehavior [ RunTime:0.000009s ]
INFO: [ app_init ] --END-- [ RunTime:0.000237s ]
INFO: [ app_begin ] --START--
INFO: Run Behavior\ReadHtmlCacheBehavior [ RunTime:0.000319s ]
INFO: [ app_begin ] --END-- [ RunTime:0.000354s ]
NOTIC: [2] call_user_func() expects parameter 1 to be a valid callback, no array or string given D:\Lanseria\Documents\php\backpacker\ThinkPHP\Library\Think\Upload.class.php 第 170 行.
NOTIC: [2] call_user_func() expects parameter 1 to be a valid callback, no array or string given D:\Lanseria\Documents\php\backpacker\ThinkPHP\Library\Think\Upload.class.php 第 170 行.
NOTIC: [2] call_user_func() expects parameter 1 to be a valid callback, no array or string given D:\Lanseria\Documents\php\backpacker\ThinkPHP\Library\Think\Upload.class.php 第 170 行.
NOTIC: [2] call_user_func() expects parameter 1 to be a valid callback, no array or string given D:\Lanseria\Documents\php\backpacker\ThinkPHP\Library\Think\Upload.class.php 第 170 行.
NOTIC: [2] call_user_func() expects parameter 1 to be a valid callback, no array or string given D:\Lanseria\Documents\php\backpacker\ThinkPHP\Library\Think\Upload.class.php 第 170 行.
NOTIC: [2] imagejpeg(./Public/pic/2016-04-07/mini/570627ce9d259.jpg): failed to open stream: No such file or directory D:\Lanseria\Documents\php\backpacker\ThinkPHP\Library\Think\Image\Driver\Gd.class.php 第 94 行.
NOTIC: [2] imagejpeg(./Public/pic/2016-04-07/mini/570627ce9e1fc.jpg): failed to open stream: No such file or directory D:\Lanseria\Documents\php\backpacker\ThinkPHP\Library\Think\Image\Driver\Gd.class.php 第 94 行.
NOTIC: [2] imagejpeg(./Public/pic/2016-04-07/mini/570627ce9eb81.jpg): failed to open stream: No such file or directory D:\Lanseria\Documents\php\backpacker\ThinkPHP\Library\Think\Image\Driver\Gd.class.php 第 94 行.
NOTIC: [2] imagejpeg(./Public/pic/2016-04-07/mini/570627ce9f3e5.jpg): failed to open stream: No such file or directory D:\Lanseria\Documents\php\backpacker\ThinkPHP\Library\Think\Image\Driver\Gd.class.php 第 94 行.
NOTIC: [2] imagejpeg(./Public/pic/2016-04-07/mini/570627ce9feb9.jpg): failed to open stream: No such file or directory D:\Lanseria\Documents\php\backpacker\ThinkPHP\Library\Think\Image\Driver\Gd.class.php 第 94 行.
SQL: SHOW COLUMNS FROM `b_goods` [ RunTime:0.0023s ]
NOTIC: [8] Undefined index: validate D:\Lanseria\Documents\php\backpacker\ThinkPHP\Library\Think\Model.class.php 第 1185 行.
NOTIC: [8] Undefined index: auto D:\Lanseria\Documents\php\backpacker\ThinkPHP\Library\Think\Model.class.php 第 1128 行.
SQL: INSERT INTO `b_goods` (`gname`,`gtypeid`,`gprice`,`goldprice`,`guid`,`gadname`,`gadtel`,`gimgarray`,`gtimgarray`,`gdetail`,`gcreate_time`) VALUES ('妞妞','9','2000','2000','1','张超','188858395625','./Public/pic/2016-04-07/570627ce9d259.jpg?./Public/pic/2016-04-07/570627ce9e1fc.jpg?./Public/pic/2016-04-07/570627ce9eb81.jpg?./Public/pic/2016-04-07/570627ce9f3e5.jpg?./Public/pic/2016-04-07/570627ce9feb9.jpg','./Public/pic/2016-04-07/mini/570627ce9d259.jpg?./Public/pic/2016-04-07/mini/570627ce9e1fc.jpg?./Public/pic/2016-04-07/mini/570627ce9eb81.jpg?./Public/pic/2016-04-07/mini/570627ce9f3e5.jpg?./Public/pic/2016-04-07/mini/570627ce9feb9.jpg','已iii','2016-04-07 17:26:38') [ RunTime:0.0628s ]
INFO: [ view_parse ] --START--
INFO: [ template_filter ] --START--
INFO: Run Behavior\ContentReplaceBehavior [ RunTime:0.000032s ]
INFO: [ template_filter ] --END-- [ RunTime:0.000067s ]
INFO: Run Behavior\ParseTemplateBehavior [ RunTime:0.004599s ]
INFO: [ view_parse ] --END-- [ RunTime:0.004645s ]
INFO: [ view_filter ] --START--
INFO: Run Behavior\WriteHtmlCacheBehavior [ RunTime:0.000555s ]
INFO: [ view_filter ] --END-- [ RunTime:0.000592s ]
INFO: [ app_end ] --START--
INFO: Run Behavior\ShowPageTraceBehavior [ RunTime:0.001014s ]
INFO: [ app_end ] --END-- [ RunTime:0.001060s ]

[ 2016-04-07T17:26:39+08:00 ] 127.0.0.1 /Dashboard/Goods/publiced.html?uid=1
INFO: [ app_init ] --START--
INFO: Run Behavior\BuildLiteBehavior [ RunTime:0.000010s ]
INFO: [ app_init ] --END-- [ RunTime:0.000248s ]
INFO: [ app_begin ] --START--
INFO: Run Behavior\ReadHtmlCacheBehavior [ RunTime:0.000422s ]
INFO: [ app_begin ] --END-- [ RunTime:0.000456s ]
SQL: SHOW COLUMNS FROM `b_type` [ RunTime:0.0020s ]
SQL: SELECT * FROM `b_type`  [ RunTime:0.0002s ]
SQL: SHOW COLUMNS FROM `b_user` [ RunTime:0.0023s ]
SQL: SELECT * FROM `b_user` WHERE `uid` = 1  [ RunTime:0.0003s ]
INFO: [ view_parse ] --START--
INFO: [ template_filter ] --START--
INFO: Run Behavior\ContentReplaceBehavior [ RunTime:0.000112s ]
INFO: [ template_filter ] --END-- [ RunTime:0.000153s ]
NOTIC: [8] Undefined variable: gac D:\Lanseria\Documents\php\backpacker\Application\Runtime\Cache\Dashboard\b7095e4cb86ee6f4fc23345c13d4528c.php 第 125 行.
NOTIC: [8] Undefined variable: cac D:\Lanseria\Documents\php\backpacker\Application\Runtime\Cache\Dashboard\b7095e4cb86ee6f4fc23345c13d4528c.php 第 133 行.
NOTIC: [8] Undefined variable: aac D:\Lanseria\Documents\php\backpacker\Application\Runtime\Cache\Dashboard\b7095e4cb86ee6f4fc23345c13d4528c.php 第 147 行.
INFO: Run Behavior\ParseTemplateBehavior [ RunTime:0.008179s ]
INFO: [ view_parse ] --END-- [ RunTime:0.008221s ]
INFO: [ view_filter ] --START--
INFO: Run Behavior\WriteHtmlCacheBehavior [ RunTime:0.000375s ]
INFO: [ view_filter ] --END-- [ RunTime:0.000415s ]
INFO: [ app_end ] --START--
INFO: Run Behavior\ShowPageTraceBehavior [ RunTime:0.000873s ]
INFO: [ app_end ] --END-- [ RunTime:0.000941s ]

[ 2016-04-07T17:57:39+08:00 ] 127.0.0.1 /Dashboard/Goods/publiced.html
INFO: [ app_init ] --START--
INFO: Run Behavior\BuildLiteBehavior [ RunTime:0.000009s ]
INFO: [ app_init ] --END-- [ RunTime:0.000234s ]
INFO: [ app_begin ] --START--
INFO: Run Behavior\ReadHtmlCacheBehavior [ RunTime:0.000320s ]
INFO: [ app_begin ] --END-- [ RunTime:0.000354s ]

[ 2016-04-07T17:58:08+08:00 ] 127.0.0.1 /Dashboard/Goods/publiced.html
INFO: [ app_init ] --START--
INFO: Run Behavior\BuildLiteBehavior [ RunTime:0.000008s ]
INFO: [ app_init ] --END-- [ RunTime:0.000204s ]
INFO: [ app_begin ] --START--
INFO: Run Behavior\ReadHtmlCacheBehavior [ RunTime:0.000430s ]
INFO: [ app_begin ] --END-- [ RunTime:0.000542s ]
NOTIC: [2] call_user_func() expects parameter 1 to be a valid callback, no array or string given D:\Lanseria\Documents\php\backpacker\ThinkPHP\Library\Think\Upload.class.php 第 170 行.
NOTIC: [8] Undefined variable: x D:\Lanseria\Documents\php\backpacker\ThinkPHP\Library\Think\Image\Driver\Gd.class.php 第 270 行.
NOTIC: [8] Undefined variable: y D:\Lanseria\Documents\php\backpacker\ThinkPHP\Library\Think\Image\Driver\Gd.class.php 第 270 行.
SQL: SHOW COLUMNS FROM `b_goods` [ RunTime:0.0022s ]
NOTIC: [8] Undefined variable: gtimgstr D:\Lanseria\Documents\php\backpacker\Application\Dashboard\Controller\GoodsController.class.php 第 58 行.
NOTIC: [8] Undefined index: validate D:\Lanseria\Documents\php\backpacker\ThinkPHP\Library\Think\Model.class.php 第 1185 行.
NOTIC: [8] Undefined index: auto D:\Lanseria\Documents\php\backpacker\ThinkPHP\Library\Think\Model.class.php 第 1128 行.
SQL: INSERT INTO `b_goods` (`gname`,`gtypeid`,`gprice`,`goldprice`,`guid`,`gadname`,`gadtel`,`gimgarray`,`gtimgarray`,`gdetail`,`gcreate_time`) VALUES ('aids','2','2000','2000','1','张超','188858395625','2016-04-07/57062f2f9e925.png',NULL,'12321多个','2016-04-07 17:58:07') [ RunTime:0.0766s ]
INFO: [ view_parse ] --START--
INFO: [ template_filter ] --START--
INFO: Run Behavior\ContentReplaceBehavior [ RunTime:0.000031s ]
INFO: [ template_filter ] --END-- [ RunTime:0.000064s ]
INFO: Run Behavior\ParseTemplateBehavior [ RunTime:0.004699s ]
INFO: [ view_parse ] --END-- [ RunTime:0.004761s ]
INFO: [ view_filter ] --START--
INFO: Run Behavior\WriteHtmlCacheBehavior [ RunTime:0.000869s ]
INFO: [ view_filter ] --END-- [ RunTime:0.000915s ]
INFO: [ app_end ] --START--
INFO: Run Behavior\ShowPageTraceBehavior [ RunTime:0.000760s ]
INFO: [ app_end ] --END-- [ RunTime:0.000804s ]

[ 2016-04-07T17:58:09+08:00 ] 127.0.0.1 /Dashboard/Goods/publiced.html?uid=1
INFO: [ app_init ] --START--
INFO: Run Behavior\BuildLiteBehavior [ RunTime:0.000009s ]
INFO: [ app_init ] --END-- [ RunTime:0.000263s ]
INFO: [ app_begin ] --START--
INFO: Run Behavior\ReadHtmlCacheBehavior [ RunTime:0.000850s ]
INFO: [ app_begin ] --END-- [ RunTime:0.000911s ]
SQL: SHOW COLUMNS FROM `b_type` [ RunTime:0.0021s ]
SQL: SELECT * FROM `b_type`  [ RunTime:0.0002s ]
SQL: SHOW COLUMNS FROM `b_user` [ RunTime:0.0024s ]
SQL: SELECT * FROM `b_user` WHERE `uid` = 1  [ RunTime:0.0002s ]
INFO: [ view_parse ] --START--
INFO: [ template_filter ] --START--
INFO: Run Behavior\ContentReplaceBehavior [ RunTime:0.000107s ]
INFO: [ template_filter ] --END-- [ RunTime:0.000147s ]
NOTIC: [8] Undefined variable: gac D:\Lanseria\Documents\php\backpacker\Application\Runtime\Cache\Dashboard\b7095e4cb86ee6f4fc23345c13d4528c.php 第 125 行.
NOTIC: [8] Undefined variable: cac D:\Lanseria\Documents\php\backpacker\Application\Runtime\Cache\Dashboard\b7095e4cb86ee6f4fc23345c13d4528c.php 第 133 行.
NOTIC: [8] Undefined variable: aac D:\Lanseria\Documents\php\backpacker\Application\Runtime\Cache\Dashboard\b7095e4cb86ee6f4fc23345c13d4528c.php 第 147 行.
INFO: Run Behavior\ParseTemplateBehavior [ RunTime:0.008949s ]
INFO: [ view_parse ] --END-- [ RunTime:0.008985s ]
INFO: [ view_filter ] --START--
INFO: Run Behavior\WriteHtmlCacheBehavior [ RunTime:0.000385s ]
INFO: [ view_filter ] --END-- [ RunTime:0.000412s ]
INFO: [ app_end ] --START--
INFO: Run Behavior\ShowPageTraceBehavior [ RunTime:0.000897s ]
INFO: [ app_end ] --END-- [ RunTime:0.000971s ]

[ 2016-04-07T21:16:49+08:00 ] 127.0.0.1 /Dashboard/Index/index.html?uid=1
INFO: [ app_init ] --START--
INFO: Run Behavior\BuildLiteBehavior [ RunTime:0.000010s ]
INFO: [ app_init ] --END-- [ RunTime:0.000285s ]
INFO: [ app_begin ] --START--
INFO: Run Behavior\ReadHtmlCacheBehavior [ RunTime:0.000267s ]
INFO: [ app_begin ] --END-- [ RunTime:0.000300s ]
SQL: SHOW COLUMNS FROM `b_user` [ RunTime:0.0023s ]
SQL: SELECT * FROM `b_user` WHERE `uid` = 1  [ RunTime:0.0002s ]
INFO: [ view_parse ] --START--
INFO: [ template_filter ] --START--
INFO: Run Behavior\ContentReplaceBehavior [ RunTime:0.000148s ]
INFO: [ template_filter ] --END-- [ RunTime:0.000185s ]
NOTIC: [8] Undefined variable: cac D:\Lanseria\Documents\php\backpacker\Application\Runtime\Cache\Dashboard\a6aea171ad06c649ad5b6850252b68d5.php 第 133 行.
NOTIC: [8] Undefined variable: fac D:\Lanseria\Documents\php\backpacker\Application\Runtime\Cache\Dashboard\a6aea171ad06c649ad5b6850252b68d5.php 第 140 行.
NOTIC: [8] Undefined variable: aac D:\Lanseria\Documents\php\backpacker\Application\Runtime\Cache\Dashboard\a6aea171ad06c649ad5b6850252b68d5.php 第 147 行.
INFO: Run Behavior\ParseTemplateBehavior [ RunTime:0.007758s ]
INFO: [ view_parse ] --END-- [ RunTime:0.007801s ]
INFO: [ view_filter ] --START--
INFO: Run Behavior\WriteHtmlCacheBehavior [ RunTime:0.000247s ]
INFO: [ view_filter ] --END-- [ RunTime:0.000272s ]
INFO: [ app_end ] --START--
INFO: Run Behavior\ShowPageTraceBehavior [ RunTime:0.000676s ]
INFO: [ app_end ] --END-- [ RunTime:0.000750s ]

[ 2016-04-07T21:17:04+08:00 ] 127.0.0.1 /Dashboard/Goods/see.html?uid=1
INFO: [ app_init ] --START--
INFO: Run Behavior\BuildLiteBehavior [ RunTime:0.000010s ]
INFO: [ app_init ] --END-- [ RunTime:0.000215s ]
INFO: [ app_begin ] --START--
INFO: Run Behavior\ReadHtmlCacheBehavior [ RunTime:0.000283s ]
INFO: [ app_begin ] --END-- [ RunTime:0.000326s ]
SQL: SHOW COLUMNS FROM `b_user` [ RunTime:0.0023s ]
SQL: SELECT * FROM `b_user` WHERE `uid` = 1  [ RunTime:0.0003s ]
SQL: SHOW COLUMNS FROM `b_goods` [ RunTime:0.0027s ]
SQL: SELECT * FROM `b_goods` ORDER BY gcreate_time desc  [ RunTime:0.0004s ]
INFO: [ view_parse ] --START--
INFO: [ template_filter ] --START--
INFO: Run Behavior\ContentReplaceBehavior [ RunTime:0.000108s ]
INFO: [ template_filter ] --END-- [ RunTime:0.000147s ]
NOTIC: [8] Undefined variable: gac D:\Lanseria\Documents\php\backpacker\Application\Runtime\Cache\Dashboard\c9c52909c6ddb54c5a19a95ecd92ae37.php 第 125 行.
NOTIC: [8] Undefined variable: fac D:\Lanseria\Documents\php\backpacker\Application\Runtime\Cache\Dashboard\c9c52909c6ddb54c5a19a95ecd92ae37.php 第 140 行.
NOTIC: [8] Undefined variable: aac D:\Lanseria\Documents\php\backpacker\Application\Runtime\Cache\Dashboard\c9c52909c6ddb54c5a19a95ecd92ae37.php 第 147 行.
INFO: Run Behavior\ParseTemplateBehavior [ RunTime:0.008482s ]
INFO: [ view_parse ] --END-- [ RunTime:0.008558s ]
INFO: [ view_filter ] --START--
INFO: Run Behavior\WriteHtmlCacheBehavior [ RunTime:0.000334s ]
INFO: [ view_filter ] --END-- [ RunTime:0.000377s ]
INFO: [ app_end ] --START--
INFO: Run Behavior\ShowPageTraceBehavior [ RunTime:0.000640s ]
INFO: [ app_end ] --END-- [ RunTime:0.000709s ]

[ 2016-04-07T22:46:21+08:00 ] 127.0.0.1 /Dashboard/Index/index.html?uid=1
INFO: [ app_init ] --START--
INFO: Run Behavior\BuildLiteBehavior [ RunTime:0.000011s ]
INFO: [ app_init ] --END-- [ RunTime:0.000240s ]
INFO: [ app_begin ] --START--
INFO: Run Behavior\ReadHtmlCacheBehavior [ RunTime:0.000350s ]
INFO: [ app_begin ] --END-- [ RunTime:0.000397s ]
SQL: SHOW COLUMNS FROM `b_user` [ RunTime:0.0032s ]
SQL: SELECT * FROM `b_user` WHERE `uid` = 1  [ RunTime:0.0002s ]
INFO: [ view_parse ] --START--
INFO: [ template_filter ] --START--
INFO: Run Behavior\ContentReplaceBehavior [ RunTime:0.000250s ]
INFO: [ template_filter ] --END-- [ RunTime:0.000314s ]
NOTIC: [8] Undefined variable: cac D:\Lanseria\Documents\php\backpacker\Application\Runtime\Cache\Dashboard\a6aea171ad06c649ad5b6850252b68d5.php 第 133 行.
NOTIC: [8] Undefined variable: fac D:\Lanseria\Documents\php\backpacker\Application\Runtime\Cache\Dashboard\a6aea171ad06c649ad5b6850252b68d5.php 第 140 行.
NOTIC: [8] Undefined variable: aac D:\Lanseria\Documents\php\backpacker\Application\Runtime\Cache\Dashboard\a6aea171ad06c649ad5b6850252b68d5.php 第 147 行.
INFO: Run Behavior\ParseTemplateBehavior [ RunTime:0.008403s ]
INFO: [ view_parse ] --END-- [ RunTime:0.008447s ]
INFO: [ view_filter ] --START--
INFO: Run Behavior\WriteHtmlCacheBehavior [ RunTime:0.000231s ]
INFO: [ view_filter ] --END-- [ RunTime:0.000285s ]
INFO: [ app_end ] --START--
INFO: Run Behavior\ShowPageTraceBehavior [ RunTime:0.000500s ]
INFO: [ app_end ] --END-- [ RunTime:0.000582s ]

[ 2016-04-07T22:46:24+08:00 ] 127.0.0.1 /Dashboard/Goods/see.html?uid=1
INFO: [ app_init ] --START--
INFO: Run Behavior\BuildLiteBehavior [ RunTime:0.000018s ]
INFO: [ app_init ] --END-- [ RunTime:0.000505s ]
INFO: [ app_begin ] --START--
INFO: Run Behavior\ReadHtmlCacheBehavior [ RunTime:0.000514s ]
INFO: [ app_begin ] --END-- [ RunTime:0.000589s ]
SQL: SHOW COLUMNS FROM `b_user` [ RunTime:0.0023s ]
SQL: SELECT * FROM `b_user` WHERE `uid` = 1  [ RunTime:0.0002s ]
SQL: SHOW COLUMNS FROM `b_goods` [ RunTime:0.0023s ]
SQL: SELECT * FROM `b_goods` ORDER BY gcreate_time desc  [ RunTime:0.0004s ]
INFO: [ view_parse ] --START--
INFO: [ template_filter ] --START--
INFO: Run Behavior\ContentReplaceBehavior [ RunTime:0.000120s ]
INFO: [ template_filter ] --END-- [ RunTime:0.000169s ]
NOTIC: [8] Undefined variable: gac D:\Lanseria\Documents\php\backpacker\Application\Runtime\Cache\Dashboard\c9c52909c6ddb54c5a19a95ecd92ae37.php 第 125 行.
NOTIC: [8] Undefined variable: fac D:\Lanseria\Documents\php\backpacker\Application\Runtime\Cache\Dashboard\c9c52909c6ddb54c5a19a95ecd92ae37.php 第 140 行.
NOTIC: [8] Undefined variable: aac D:\Lanseria\Documents\php\backpacker\Application\Runtime\Cache\Dashboard\c9c52909c6ddb54c5a19a95ecd92ae37.php 第 147 行.
INFO: Run Behavior\ParseTemplateBehavior [ RunTime:0.008394s ]
INFO: [ view_parse ] --END-- [ RunTime:0.008455s ]
INFO: [ view_filter ] --START--
INFO: Run Behavior\WriteHtmlCacheBehavior [ RunTime:0.000233s ]
INFO: [ view_filter ] --END-- [ RunTime:0.000275s ]
INFO: [ app_end ] --START--
INFO: Run Behavior\ShowPageTraceBehavior [ RunTime:0.000494s ]
INFO: [ app_end ] --END-- [ RunTime:0.000567s ]

[ 2016-04-07T22:51:53+08:00 ] 127.0.0.1 /Dashboard/Goods/see.html?uid=1
INFO: [ app_init ] --START--
INFO: Run Behavior\BuildLiteBehavior [ RunTime:0.000012s ]
INFO: [ app_init ] --END-- [ RunTime:0.000260s ]
INFO: [ app_begin ] --START--
INFO: Run Behavior\ReadHtmlCacheBehavior [ RunTime:0.000363s ]
INFO: [ app_begin ] --END-- [ RunTime:0.000404s ]
SQL: SHOW COLUMNS FROM `b_user` [ RunTime:0.0026s ]
SQL: SELECT * FROM `b_user` WHERE `uid` = 1  [ RunTime:0.0002s ]
SQL: SHOW COLUMNS FROM `b_goods` [ RunTime:0.0023s ]
SQL: SELECT * FROM `b_goods` ORDER BY gcreate_time desc  [ RunTime:0.0003s ]
INFO: [ view_parse ] --START--
INFO: [ template_filter ] --START--
INFO: Run Behavior\ContentReplaceBehavior [ RunTime:0.000185s ]
INFO: [ template_filter ] --END-- [ RunTime:0.000277s ]
NOTIC: [8] Undefined variable: gac D:\Lanseria\Documents\php\backpacker\Application\Runtime\Cache\Dashboard\c9c52909c6ddb54c5a19a95ecd92ae37.php 第 125 行.
NOTIC: [8] Undefined variable: fac D:\Lanseria\Documents\php\backpacker\Application\Runtime\Cache\Dashboard\c9c52909c6ddb54c5a19a95ecd92ae37.php 第 140 行.
NOTIC: [8] Undefined variable: aac D:\Lanseria\Documents\php\backpacker\Application\Runtime\Cache\Dashboard\c9c52909c6ddb54c5a19a95ecd92ae37.php 第 147 行.
INFO: Run Behavior\ParseTemplateBehavior [ RunTime:0.009114s ]
INFO: [ view_parse ] --END-- [ RunTime:0.009177s ]
INFO: [ view_filter ] --START--
INFO: Run Behavior\WriteHtmlCacheBehavior [ RunTime:0.000327s ]
INFO: [ view_filter ] --END-- [ RunTime:0.000367s ]
INFO: [ app_end ] --START--
INFO: Run Behavior\ShowPageTraceBehavior [ RunTime:0.000579s ]
INFO: [ app_end ] --END-- [ RunTime:0.000663s ]

[ 2016-04-07T22:53:37+08:00 ] 127.0.0.1 /Dashboard/Goods/see.html?uid=1
INFO: [ app_init ] --START--
INFO: Run Behavior\BuildLiteBehavior [ RunTime:0.000010s ]
INFO: [ app_init ] --END-- [ RunTime:0.000248s ]
INFO: [ app_begin ] --START--
INFO: Run Behavior\ReadHtmlCacheBehavior [ RunTime:0.000343s ]
INFO: [ app_begin ] --END-- [ RunTime:0.000389s ]
SQL: SHOW COLUMNS FROM `b_user` [ RunTime:0.0028s ]
SQL: SELECT * FROM `b_user` WHERE `uid` = 1  [ RunTime:0.0003s ]
SQL: SHOW COLUMNS FROM `b_goods` [ RunTime:0.0031s ]
SQL: SELECT * FROM `b_goods` ORDER BY gcreate_time desc  [ RunTime:0.0004s ]
INFO: [ view_parse ] --START--
INFO: [ template_filter ] --START--
INFO: Run Behavior\ContentReplaceBehavior [ RunTime:0.000119s ]
INFO: [ template_filter ] --END-- [ RunTime:0.000158s ]
NOTIC: [8] Undefined variable: gac D:\Lanseria\Documents\php\backpacker\Application\Runtime\Cache\Dashboard\c9c52909c6ddb54c5a19a95ecd92ae37.php 第 125 行.
NOTIC: [8] Undefined variable: fac D:\Lanseria\Documents\php\backpacker\Application\Runtime\Cache\Dashboard\c9c52909c6ddb54c5a19a95ecd92ae37.php 第 140 行.
NOTIC: [8] Undefined variable: aac D:\Lanseria\Documents\php\backpacker\Application\Runtime\Cache\Dashboard\c9c52909c6ddb54c5a19a95ecd92ae37.php 第 147 行.
INFO: Run Behavior\ParseTemplateBehavior [ RunTime:0.008130s ]
INFO: [ view_parse ] --END-- [ RunTime:0.008172s ]
INFO: [ view_filter ] --START--
INFO: Run Behavior\WriteHtmlCacheBehavior [ RunTime:0.000227s ]
INFO: [ view_filter ] --END-- [ RunTime:0.000252s ]
INFO: [ app_end ] --START--
INFO: Run Behavior\ShowPageTraceBehavior [ RunTime:0.000589s ]
INFO: [ app_end ] --END-- [ RunTime:0.000660s ]

[ 2016-04-07T22:53:46+08:00 ] 127.0.0.1 /Dashboard/Goods/selloff.html?gid=9
INFO: [ app_init ] --START--
INFO: Run Behavior\BuildLiteBehavior [ RunTime:0.000011s ]
INFO: [ app_init ] --END-- [ RunTime:0.000274s ]
INFO: [ app_begin ] --START--
INFO: Run Behavior\ReadHtmlCacheBehavior [ RunTime:0.000317s ]
INFO: [ app_begin ] --END-- [ RunTime:0.000359s ]
ERR: 非法操作:selloff

[ 2016-04-07T22:54:13+08:00 ] 127.0.0.1 /Dashboard/Goods/see.html?uid=1
INFO: [ app_init ] --START--
INFO: Run Behavior\BuildLiteBehavior [ RunTime:0.000009s ]
INFO: [ app_init ] --END-- [ RunTime:0.000250s ]
INFO: [ app_begin ] --START--
INFO: Run Behavior\ReadHtmlCacheBehavior [ RunTime:0.000396s ]
INFO: [ app_begin ] --END-- [ RunTime:0.000439s ]
SQL: SHOW COLUMNS FROM `b_user` [ RunTime:0.0022s ]
SQL: SELECT * FROM `b_user` WHERE `uid` = 1  [ RunTime:0.0002s ]
SQL: SHOW COLUMNS FROM `b_goods` [ RunTime:0.0020s ]
SQL: SELECT * FROM `b_goods` ORDER BY gcreate_time desc  [ RunTime:0.0003s ]
INFO: [ view_parse ] --START--
INFO: [ template_filter ] --START--
INFO: Run Behavior\ContentReplaceBehavior [ RunTime:0.000165s ]
INFO: [ template_filter ] --END-- [ RunTime:0.000219s ]
NOTIC: [8] Undefined variable: gac D:\Lanseria\Documents\php\backpacker\Application\Runtime\Cache\Dashboard\c9c52909c6ddb54c5a19a95ecd92ae37.php 第 125 行.
NOTIC: [8] Undefined variable: fac D:\Lanseria\Documents\php\backpacker\Application\Runtime\Cache\Dashboard\c9c52909c6ddb54c5a19a95ecd92ae37.php 第 140 行.
NOTIC: [8] Undefined variable: aac D:\Lanseria\Documents\php\backpacker\Application\Runtime\Cache\Dashboard\c9c52909c6ddb54c5a19a95ecd92ae37.php 第 147 行.
INFO: Run Behavior\ParseTemplateBehavior [ RunTime:0.009365s ]
INFO: [ view_parse ] --END-- [ RunTime:0.009419s ]
INFO: [ view_filter ] --START--
INFO: Run Behavior\WriteHtmlCacheBehavior [ RunTime:0.000310s ]
INFO: [ view_filter ] --END-- [ RunTime:0.000368s ]
INFO: [ app_end ] --START--
INFO: Run Behavior\ShowPageTraceBehavior [ RunTime:0.000635s ]
INFO: [ app_end ] --END-- [ RunTime:0.000719s ]

[ 2016-04-07T22:54:15+08:00 ] 127.0.0.1 /Dashboard/Goods/selloffG.html?gid=9
INFO: [ app_init ] --START--
INFO: Run Behavior\BuildLiteBehavior [ RunTime:0.000010s ]
INFO: [ app_init ] --END-- [ RunTime:0.000239s ]
INFO: [ app_begin ] --START--
INFO: Run Behavior\ReadHtmlCacheBehavior [ RunTime:0.000321s ]
INFO: [ app_begin ] --END-- [ RunTime:0.000357s ]
SQL: SHOW COLUMNS FROM `b_goods` [ RunTime:0.0026s ]
NOTIC: [8] Undefined index: validate D:\Lanseria\Documents\php\backpacker\ThinkPHP\Library\Think\Model.class.php 第 1185 行.
NOTIC: [8] Undefined index: auto D:\Lanseria\Documents\php\backpacker\ThinkPHP\Library\Think\Model.class.php 第 1128 行.
INFO: [ view_parse ] --START--
INFO: [ template_filter ] --START--
INFO: Run Behavior\ContentReplaceBehavior [ RunTime:0.000030s ]
INFO: [ template_filter ] --END-- [ RunTime:0.000067s ]
INFO: Run Behavior\ParseTemplateBehavior [ RunTime:0.004243s ]
INFO: [ view_parse ] --END-- [ RunTime:0.004321s ]
INFO: [ view_filter ] --START--
INFO: Run Behavior\WriteHtmlCacheBehavior [ RunTime:0.000305s ]
INFO: [ view_filter ] --END-- [ RunTime:0.000360s ]

[ 2016-04-07T22:54:16+08:00 ] 127.0.0.1 /Dashboard/Goods/see.html?uid=1
INFO: [ app_init ] --START--
INFO: Run Behavior\BuildLiteBehavior [ RunTime:0.000055s ]
INFO: [ app_init ] --END-- [ RunTime:0.000502s ]
INFO: [ app_begin ] --START--
INFO: Run Behavior\ReadHtmlCacheBehavior [ RunTime:0.000309s ]
INFO: [ app_begin ] --END-- [ RunTime:0.000346s ]
SQL: SHOW COLUMNS FROM `b_user` [ RunTime:0.0027s ]
SQL: SELECT * FROM `b_user` WHERE `uid` = 1  [ RunTime:0.0002s ]
SQL: SHOW COLUMNS FROM `b_goods` [ RunTime:0.0026s ]
SQL: SELECT * FROM `b_goods` ORDER BY gcreate_time desc  [ RunTime:0.0004s ]
INFO: [ view_parse ] --START--
INFO: [ template_filter ] --START--
INFO: Run Behavior\ContentReplaceBehavior [ RunTime:0.000107s ]
INFO: [ template_filter ] --END-- [ RunTime:0.000147s ]
NOTIC: [8] Undefined variable: gac D:\Lanseria\Documents\php\backpacker\Application\Runtime\Cache\Dashboard\c9c52909c6ddb54c5a19a95ecd92ae37.php 第 125 行.
NOTIC: [8] Undefined variable: fac D:\Lanseria\Documents\php\backpacker\Application\Runtime\Cache\Dashboard\c9c52909c6ddb54c5a19a95ecd92ae37.php 第 140 行.
NOTIC: [8] Undefined variable: aac D:\Lanseria\Documents\php\backpacker\Application\Runtime\Cache\Dashboard\c9c52909c6ddb54c5a19a95ecd92ae37.php 第 147 行.
INFO: Run Behavior\ParseTemplateBehavior [ RunTime:0.008277s ]
INFO: [ view_parse ] --END-- [ RunTime:0.008318s ]
INFO: [ view_filter ] --START--
INFO: Run Behavior\WriteHtmlCacheBehavior [ RunTime:0.000281s ]
INFO: [ view_filter ] --END-- [ RunTime:0.000315s ]
INFO: [ app_end ] --START--
INFO: Run Behavior\ShowPageTraceBehavior [ RunTime:0.000659s ]
INFO: [ app_end ] --END-- [ RunTime:0.000737s ]

[ 2016-04-07T22:54:19+08:00 ] 127.0.0.1 /Dashboard/Goods/see.html?uid=1
INFO: [ app_init ] --START--
INFO: Run Behavior\BuildLiteBehavior [ RunTime:0.000011s ]
INFO: [ app_init ] --END-- [ RunTime:0.000244s ]
INFO: [ app_begin ] --START--
INFO: Run Behavior\ReadHtmlCacheBehavior [ RunTime:0.000464s ]
INFO: [ app_begin ] --END-- [ RunTime:0.000537s ]
SQL: SHOW COLUMNS FROM `b_user` [ RunTime:0.0029s ]
SQL: SELECT * FROM `b_user` WHERE `uid` = 1  [ RunTime:0.0003s ]
SQL: SHOW COLUMNS FROM `b_goods` [ RunTime:0.0030s ]
SQL: SELECT * FROM `b_goods` ORDER BY gcreate_time desc  [ RunTime:0.0004s ]
INFO: [ view_parse ] --START--
INFO: [ template_filter ] --START--
INFO: Run Behavior\ContentReplaceBehavior [ RunTime:0.000119s ]
INFO: [ template_filter ] --END-- [ RunTime:0.000175s ]
NOTIC: [8] Undefined variable: gac D:\Lanseria\Documents\php\backpacker\Application\Runtime\Cache\Dashboard\c9c52909c6ddb54c5a19a95ecd92ae37.php 第 125 行.
NOTIC: [8] Undefined variable: fac D:\Lanseria\Documents\php\backpacker\Application\Runtime\Cache\Dashboard\c9c52909c6ddb54c5a19a95ecd92ae37.php 第 140 行.
NOTIC: [8] Undefined variable: aac D:\Lanseria\Documents\php\backpacker\Application\Runtime\Cache\Dashboard\c9c52909c6ddb54c5a19a95ecd92ae37.php 第 147 行.
INFO: Run Behavior\ParseTemplateBehavior [ RunTime:0.009427s ]
INFO: [ view_parse ] --END-- [ RunTime:0.009478s ]
INFO: [ view_filter ] --START--
INFO: Run Behavior\WriteHtmlCacheBehavior [ RunTime:0.000262s ]
INFO: [ view_filter ] --END-- [ RunTime:0.000290s ]
INFO: [ app_end ] --START--
INFO: Run Behavior\ShowPageTraceBehavior [ RunTime:0.000633s ]
INFO: [ app_end ] --END-- [ RunTime:0.000703s ]

[ 2016-04-07T22:55:51+08:00 ] 127.0.0.1 /Dashboard/Goods/see.html?uid=1
INFO: [ app_init ] --START--
INFO: Run Behavior\BuildLiteBehavior [ RunTime:0.000011s ]
INFO: [ app_init ] --END-- [ RunTime:0.000278s ]
INFO: [ app_begin ] --START--
INFO: Run Behavior\ReadHtmlCacheBehavior [ RunTime:0.000337s ]
INFO: [ app_begin ] --END-- [ RunTime:0.000373s ]
SQL: SHOW COLUMNS FROM `b_user` [ RunTime:0.0037s ]
SQL: SELECT * FROM `b_user` WHERE `uid` = 1  [ RunTime:0.0003s ]
SQL: SHOW COLUMNS FROM `b_goods` [ RunTime:0.0023s ]
SQL: SELECT * FROM `b_goods` WHERE `gis_selloff` = 0 ORDER BY gcreate_time desc  [ RunTime:0.0004s ]
INFO: [ view_parse ] --START--
INFO: [ template_filter ] --START--
INFO: Run Behavior\ContentReplaceBehavior [ RunTime:0.000105s ]
INFO: [ template_filter ] --END-- [ RunTime:0.000142s ]
NOTIC: [8] Undefined variable: gac D:\Lanseria\Documents\php\backpacker\Application\Runtime\Cache\Dashboard\c9c52909c6ddb54c5a19a95ecd92ae37.php 第 125 行.
NOTIC: [8] Undefined variable: fac D:\Lanseria\Documents\php\backpacker\Application\Runtime\Cache\Dashboard\c9c52909c6ddb54c5a19a95ecd92ae37.php 第 140 行.
NOTIC: [8] Undefined variable: aac D:\Lanseria\Documents\php\backpacker\Application\Runtime\Cache\Dashboard\c9c52909c6ddb54c5a19a95ecd92ae37.php 第 147 行.
INFO: Run Behavior\ParseTemplateBehavior [ RunTime:0.008984s ]
INFO: [ view_parse ] --END-- [ RunTime:0.009139s ]
INFO: [ view_filter ] --START--
INFO: Run Behavior\WriteHtmlCacheBehavior [ RunTime:0.000424s ]
INFO: [ view_filter ] --END-- [ RunTime:0.000539s ]
INFO: [ app_end ] --START--
INFO: Run Behavior\ShowPageTraceBehavior [ RunTime:0.000701s ]
INFO: [ app_end ] --END-- [ RunTime:0.000787s ]

[ 2016-04-07T22:55:59+08:00 ] 127.0.0.1 /Dashboard/Goods/selloffG.html?gid=12
INFO: [ app_init ] --START--
INFO: Run Behavior\BuildLiteBehavior [ RunTime:0.000009s ]
INFO: [ app_init ] --END-- [ RunTime:0.000229s ]
INFO: [ app_begin ] --START--
INFO: Run Behavior\ReadHtmlCacheBehavior [ RunTime:0.000336s ]
INFO: [ app_begin ] --END-- [ RunTime:0.000390s ]
SQL: SHOW COLUMNS FROM `b_goods` [ RunTime:0.0025s ]
NOTIC: [8] Undefined index: validate D:\Lanseria\Documents\php\backpacker\ThinkPHP\Library\Think\Model.class.php 第 1185 行.
NOTIC: [8] Undefined index: auto D:\Lanseria\Documents\php\backpacker\ThinkPHP\Library\Think\Model.class.php 第 1128 行.
INFO: [ view_parse ] --START--
INFO: [ template_filter ] --START--
INFO: Run Behavior\ContentReplaceBehavior [ RunTime:0.000052s ]
INFO: [ template_filter ] --END-- [ RunTime:0.000086s ]
INFO: Run Behavior\ParseTemplateBehavior [ RunTime:0.003568s ]
INFO: [ view_parse ] --END-- [ RunTime:0.003612s ]
INFO: [ view_filter ] --START--
INFO: Run Behavior\WriteHtmlCacheBehavior [ RunTime:0.000266s ]
INFO: [ view_filter ] --END-- [ RunTime:0.000301s ]

[ 2016-04-07T22:56:00+08:00 ] 127.0.0.1 /Dashboard/Goods/see.html?uid=1
INFO: [ app_init ] --START--
INFO: Run Behavior\BuildLiteBehavior [ RunTime:0.000009s ]
INFO: [ app_init ] --END-- [ RunTime:0.000220s ]
INFO: [ app_begin ] --START--
INFO: Run Behavior\ReadHtmlCacheBehavior [ RunTime:0.000304s ]
INFO: [ app_begin ] --END-- [ RunTime:0.000337s ]
SQL: SHOW COLUMNS FROM `b_user` [ RunTime:0.0026s ]
SQL: SELECT * FROM `b_user` WHERE `uid` = 1  [ RunTime:0.0002s ]
SQL: SHOW COLUMNS FROM `b_goods` [ RunTime:0.0025s ]
SQL: SELECT * FROM `b_goods` WHERE `gis_selloff` = 0 ORDER BY gcreate_time desc  [ RunTime:0.0003s ]
INFO: [ view_parse ] --START--
INFO: [ template_filter ] --START--
INFO: Run Behavior\ContentReplaceBehavior [ RunTime:0.000109s ]
INFO: [ template_filter ] --END-- [ RunTime:0.000157s ]
NOTIC: [8] Undefined variable: gac D:\Lanseria\Documents\php\backpacker\Application\Runtime\Cache\Dashboard\c9c52909c6ddb54c5a19a95ecd92ae37.php 第 125 行.
NOTIC: [8] Undefined variable: fac D:\Lanseria\Documents\php\backpacker\Application\Runtime\Cache\Dashboard\c9c52909c6ddb54c5a19a95ecd92ae37.php 第 140 行.
NOTIC: [8] Undefined variable: aac D:\Lanseria\Documents\php\backpacker\Application\Runtime\Cache\Dashboard\c9c52909c6ddb54c5a19a95ecd92ae37.php 第 147 行.
INFO: Run Behavior\ParseTemplateBehavior [ RunTime:0.009582s ]
INFO: [ view_parse ] --END-- [ RunTime:0.009625s ]
INFO: [ view_filter ] --START--
INFO: Run Behavior\WriteHtmlCacheBehavior [ RunTime:0.000175s ]
INFO: [ view_filter ] --END-- [ RunTime:0.000199s ]
INFO: [ app_end ] --START--
INFO: Run Behavior\ShowPageTraceBehavior [ RunTime:0.000602s ]
INFO: [ app_end ] --END-- [ RunTime:0.000673s ]

[ 2016-04-07T23:00:14+08:00 ] 127.0.0.1 /Dashboard/Goods/see.html?uid=1
INFO: [ app_init ] --START--
INFO: Run Behavior\BuildLiteBehavior [ RunTime:0.000011s ]
INFO: [ app_init ] --END-- [ RunTime:0.000242s ]
INFO: [ app_begin ] --START--
INFO: Run Behavior\ReadHtmlCacheBehavior [ RunTime:0.000343s ]
INFO: [ app_begin ] --END-- [ RunTime:0.000389s ]
SQL: SHOW COLUMNS FROM `b_user` [ RunTime:0.0023s ]
SQL: SELECT * FROM `b_user` WHERE `uid` = 1  [ RunTime:0.0002s ]
SQL: SHOW COLUMNS FROM `b_goods` [ RunTime:0.0020s ]
SQL: SELECT * FROM `b_goods` WHERE `gis_selloff` = 0 ORDER BY gcreate_time desc  [ RunTime:0.0004s ]
INFO: [ view_parse ] --START--
INFO: [ template_filter ] --START--
INFO: Run Behavior\ContentReplaceBehavior [ RunTime:0.000108s ]
INFO: [ template_filter ] --END-- [ RunTime:0.000147s ]
NOTIC: [8] Undefined variable: gac D:\Lanseria\Documents\php\backpacker\Application\Runtime\Cache\Dashboard\c9c52909c6ddb54c5a19a95ecd92ae37.php 第 125 行.
NOTIC: [8] Undefined variable: fac D:\Lanseria\Documents\php\backpacker\Application\Runtime\Cache\Dashboard\c9c52909c6ddb54c5a19a95ecd92ae37.php 第 140 行.
NOTIC: [8] Undefined variable: aac D:\Lanseria\Documents\php\backpacker\Application\Runtime\Cache\Dashboard\c9c52909c6ddb54c5a19a95ecd92ae37.php 第 147 行.
INFO: Run Behavior\ParseTemplateBehavior [ RunTime:0.008544s ]
INFO: [ view_parse ] --END-- [ RunTime:0.008594s ]
INFO: [ view_filter ] --START--
INFO: Run Behavior\WriteHtmlCacheBehavior [ RunTime:0.000303s ]
INFO: [ view_filter ] --END-- [ RunTime:0.000348s ]
INFO: [ app_end ] --START--
INFO: Run Behavior\ShowPageTraceBehavior [ RunTime:0.000622s ]
INFO: [ app_end ] --END-- [ RunTime:0.000700s ]

[ 2016-04-07T23:00:19+08:00 ] 127.0.0.1 /Dashboard/Goods/selloffG.html?gid=10
INFO: [ app_init ] --START--
INFO: Run Behavior\BuildLiteBehavior [ RunTime:0.000010s ]
INFO: [ app_init ] --END-- [ RunTime:0.000218s ]
INFO: [ app_begin ] --START--
INFO: Run Behavior\ReadHtmlCacheBehavior [ RunTime:0.000327s ]
INFO: [ app_begin ] --END-- [ RunTime:0.000360s ]
SQL: SHOW COLUMNS FROM `b_goods` [ RunTime:0.0229s ]
NOTIC: [8] Undefined index: validate D:\Lanseria\Documents\php\backpacker\ThinkPHP\Library\Think\Model.class.php 第 1185 行.
NOTIC: [8] Undefined index: auto D:\Lanseria\Documents\php\backpacker\ThinkPHP\Library\Think\Model.class.php 第 1128 行.
ERR: 1406:Data too long for column 'gis_selloff' at row 1
 [ SQL语句 ] : UPDATE `b_goods` SET `gis_selloff`='1' WHERE `gid` = 10
ERR: 1406:Data too long for column 'gis_selloff' at row 1
 [ SQL语句 ] : UPDATE `b_goods` SET `gis_selloff`='1' WHERE `gid` = 10

[ 2016-04-07T23:04:20+08:00 ] 127.0.0.1 /Dashboard/Goods/see.html?uid=1
INFO: [ app_init ] --START--
INFO: Run Behavior\BuildLiteBehavior [ RunTime:0.000011s ]
INFO: [ app_init ] --END-- [ RunTime:0.000266s ]
INFO: [ app_begin ] --START--
INFO: Run Behavior\ReadHtmlCacheBehavior [ RunTime:0.000335s ]
INFO: [ app_begin ] --END-- [ RunTime:0.000372s ]
SQL: SHOW COLUMNS FROM `b_user` [ RunTime:0.0022s ]
SQL: SELECT * FROM `b_user` WHERE `uid` = 1  [ RunTime:0.0002s ]
SQL: SHOW COLUMNS FROM `b_goods` [ RunTime:0.0022s ]
SQL: SELECT * FROM `b_goods` WHERE `gis_selloff` = 0 ORDER BY gcreate_time desc  [ RunTime:0.0003s ]
INFO: [ view_parse ] --START--
INFO: [ template_filter ] --START--
INFO: Run Behavior\ContentReplaceBehavior [ RunTime:0.000123s ]
INFO: [ template_filter ] --END-- [ RunTime:0.000163s ]
NOTIC: [8] Undefined variable: gac D:\Lanseria\Documents\php\backpacker\Application\Runtime\Cache\Dashboard\c9c52909c6ddb54c5a19a95ecd92ae37.php 第 125 行.
NOTIC: [8] Undefined variable: fac D:\Lanseria\Documents\php\backpacker\Application\Runtime\Cache\Dashboard\c9c52909c6ddb54c5a19a95ecd92ae37.php 第 140 行.
NOTIC: [8] Undefined variable: aac D:\Lanseria\Documents\php\backpacker\Application\Runtime\Cache\Dashboard\c9c52909c6ddb54c5a19a95ecd92ae37.php 第 147 行.
INFO: Run Behavior\ParseTemplateBehavior [ RunTime:0.008789s ]
INFO: [ view_parse ] --END-- [ RunTime:0.008840s ]
INFO: [ view_filter ] --START--
INFO: Run Behavior\WriteHtmlCacheBehavior [ RunTime:0.000306s ]
INFO: [ view_filter ] --END-- [ RunTime:0.000351s ]
INFO: [ app_end ] --START--
INFO: Run Behavior\ShowPageTraceBehavior [ RunTime:0.000644s ]
INFO: [ app_end ] --END-- [ RunTime:0.000724s ]

[ 2016-04-07T23:04:24+08:00 ] 127.0.0.1 /Dashboard/Goods/selloffG.html?gid=12
INFO: [ app_init ] --START--
INFO: Run Behavior\BuildLiteBehavior [ RunTime:0.000010s ]
INFO: [ app_init ] --END-- [ RunTime:0.000293s ]
INFO: [ app_begin ] --START--
INFO: Run Behavior\ReadHtmlCacheBehavior [ RunTime:0.000415s ]
INFO: [ app_begin ] --END-- [ RunTime:0.000480s ]
SQL: SHOW COLUMNS FROM `b_goods` [ RunTime:0.0025s ]
NOTIC: [8] Undefined index: validate D:\Lanseria\Documents\php\backpacker\ThinkPHP\Library\Think\Model.class.php 第 1185 行.
NOTIC: [8] Undefined index: auto D:\Lanseria\Documents\php\backpacker\ThinkPHP\Library\Think\Model.class.php 第 1128 行.
ERR: 1406:Data too long for column 'gis_selloff' at row 1
 [ SQL语句 ] : UPDATE `b_goods` SET `gis_selloff`='49' WHERE `gid` = 12
ERR: 1406:Data too long for column 'gis_selloff' at row 1
 [ SQL语句 ] : UPDATE `b_goods` SET `gis_selloff`='49' WHERE `gid` = 12

[ 2016-04-07T23:05:58+08:00 ] 127.0.0.1 /Dashboard/Goods/see.html?uid=1
INFO: [ app_init ] --START--
INFO: Run Behavior\BuildLiteBehavior [ RunTime:0.000009s ]
INFO: [ app_init ] --END-- [ RunTime:0.000255s ]
INFO: [ app_begin ] --START--
INFO: Run Behavior\ReadHtmlCacheBehavior [ RunTime:0.000483s ]
INFO: [ app_begin ] --END-- [ RunTime:0.000527s ]
SQL: SHOW COLUMNS FROM `b_user` [ RunTime:0.0027s ]
SQL: SELECT * FROM `b_user` WHERE `uid` = 1  [ RunTime:0.0003s ]
SQL: SHOW COLUMNS FROM `b_goods` [ RunTime:0.0024s ]
SQL: SELECT * FROM `b_goods` WHERE `gis_selloff` = 0 ORDER BY gcreate_time desc  [ RunTime:0.0003s ]
INFO: [ view_parse ] --START--
INFO: [ template_filter ] --START--
INFO: Run Behavior\ContentReplaceBehavior [ RunTime:0.000116s ]
INFO: [ template_filter ] --END-- [ RunTime:0.000164s ]
NOTIC: [8] Undefined variable: gac D:\Lanseria\Documents\php\backpacker\Application\Runtime\Cache\Dashboard\c9c52909c6ddb54c5a19a95ecd92ae37.php 第 125 行.
NOTIC: [8] Undefined variable: fac D:\Lanseria\Documents\php\backpacker\Application\Runtime\Cache\Dashboard\c9c52909c6ddb54c5a19a95ecd92ae37.php 第 140 行.
NOTIC: [8] Undefined variable: aac D:\Lanseria\Documents\php\backpacker\Application\Runtime\Cache\Dashboard\c9c52909c6ddb54c5a19a95ecd92ae37.php 第 147 行.
INFO: Run Behavior\ParseTemplateBehavior [ RunTime:0.009228s ]
INFO: [ view_parse ] --END-- [ RunTime:0.009281s ]
INFO: [ view_filter ] --START--
INFO: Run Behavior\WriteHtmlCacheBehavior [ RunTime:0.000408s ]
INFO: [ view_filter ] --END-- [ RunTime:0.000442s ]
INFO: [ app_end ] --START--
INFO: Run Behavior\ShowPageTraceBehavior [ RunTime:0.000758s ]
INFO: [ app_end ] --END-- [ RunTime:0.000847s ]

[ 2016-04-07T23:06:02+08:00 ] 127.0.0.1 /Dashboard/Goods/selloffG.html?gid=12
INFO: [ app_init ] --START--
INFO: Run Behavior\BuildLiteBehavior [ RunTime:0.000010s ]
INFO: [ app_init ] --END-- [ RunTime:0.000260s ]
INFO: [ app_begin ] --START--
INFO: Run Behavior\ReadHtmlCacheBehavior [ RunTime:0.000415s ]
INFO: [ app_begin ] --END-- [ RunTime:0.000451s ]
SQL: SHOW COLUMNS FROM `b_goods` [ RunTime:0.0118s ]
NOTIC: [8] Undefined index: validate D:\Lanseria\Documents\php\backpacker\ThinkPHP\Library\Think\Model.class.php 第 1185 行.
NOTIC: [8] Undefined index: auto D:\Lanseria\Documents\php\backpacker\ThinkPHP\Library\Think\Model.class.php 第 1128 行.
SQL: UPDATE `b_goods` SET `gis_selloff`='1' WHERE `gid` = 12 [ RunTime:0.0534s ]
INFO: [ view_parse ] --START--
INFO: [ template_filter ] --START--
INFO: Run Behavior\ContentReplaceBehavior [ RunTime:0.000032s ]
INFO: [ template_filter ] --END-- [ RunTime:0.000069s ]
INFO: Run Behavior\ParseTemplateBehavior [ RunTime:0.004086s ]
INFO: [ view_parse ] --END-- [ RunTime:0.004124s ]
INFO: [ view_filter ] --START--
INFO: Run Behavior\WriteHtmlCacheBehavior [ RunTime:0.000304s ]
INFO: [ view_filter ] --END-- [ RunTime:0.000337s ]
INFO: [ app_end ] --START--
INFO: Run Behavior\ShowPageTraceBehavior [ RunTime:0.000580s ]
INFO: [ app_end ] --END-- [ RunTime:0.000640s ]

[ 2016-04-07T23:06:03+08:00 ] 127.0.0.1 /Dashboard/Goods/see.html?uid=1
INFO: [ app_init ] --START--
INFO: Run Behavior\BuildLiteBehavior [ RunTime:0.000012s ]
INFO: [ app_init ] --END-- [ RunTime:0.000286s ]
INFO: [ app_begin ] --START--
INFO: Run Behavior\ReadHtmlCacheBehavior [ RunTime:0.000608s ]
INFO: [ app_begin ] --END-- [ RunTime:0.000662s ]
SQL: SHOW COLUMNS FROM `b_user` [ RunTime:0.0024s ]
SQL: SELECT * FROM `b_user` WHERE `uid` = 1  [ RunTime:0.0002s ]
SQL: SHOW COLUMNS FROM `b_goods` [ RunTime:0.0024s ]
SQL: SELECT * FROM `b_goods` WHERE `gis_selloff` = 0 ORDER BY gcreate_time desc  [ RunTime:0.0005s ]
INFO: [ view_parse ] --START--
INFO: [ template_filter ] --START--
INFO: Run Behavior\ContentReplaceBehavior [ RunTime:0.000170s ]
INFO: [ template_filter ] --END-- [ RunTime:0.000228s ]
NOTIC: [8] Undefined variable: gac D:\Lanseria\Documents\php\backpacker\Application\Runtime\Cache\Dashboard\c9c52909c6ddb54c5a19a95ecd92ae37.php 第 125 行.
NOTIC: [8] Undefined variable: fac D:\Lanseria\Documents\php\backpacker\Application\Runtime\Cache\Dashboard\c9c52909c6ddb54c5a19a95ecd92ae37.php 第 140 行.
NOTIC: [8] Undefined variable: aac D:\Lanseria\Documents\php\backpacker\Application\Runtime\Cache\Dashboard\c9c52909c6ddb54c5a19a95ecd92ae37.php 第 147 行.
INFO: Run Behavior\ParseTemplateBehavior [ RunTime:0.009376s ]
INFO: [ view_parse ] --END-- [ RunTime:0.009431s ]
INFO: [ view_filter ] --START--
INFO: Run Behavior\WriteHtmlCacheBehavior [ RunTime:0.000331s ]
INFO: [ view_filter ] --END-- [ RunTime:0.000365s ]
INFO: [ app_end ] --START--
INFO: Run Behavior\ShowPageTraceBehavior [ RunTime:0.000737s ]
INFO: [ app_end ] --END-- [ RunTime:0.000802s ]

[ 2016-04-07T23:07:26+08:00 ] 127.0.0.1 /Dashboard/Goods/see.html?uid=1
INFO: [ app_init ] --START--
INFO: Run Behavior\BuildLiteBehavior [ RunTime:0.000010s ]
INFO: [ app_init ] --END-- [ RunTime:0.000246s ]
INFO: [ app_begin ] --START--
INFO: Run Behavior\ReadHtmlCacheBehavior [ RunTime:0.000383s ]
INFO: [ app_begin ] --END-- [ RunTime:0.000416s ]
SQL: SHOW COLUMNS FROM `b_user` [ RunTime:0.0026s ]
SQL: SELECT * FROM `b_user` WHERE `uid` = 1  [ RunTime:0.0003s ]
SQL: SHOW COLUMNS FROM `b_goods` [ RunTime:0.0025s ]
SQL: SELECT * FROM `b_goods` WHERE `gis_selloff` = 0 ORDER BY gcreate_time desc  [ RunTime:0.0003s ]
INFO: [ view_parse ] --START--
INFO: [ template_filter ] --START--
INFO: Run Behavior\ContentReplaceBehavior [ RunTime:0.000261s ]
INFO: [ template_filter ] --END-- [ RunTime:0.000318s ]
NOTIC: [8] Undefined variable: gac D:\Lanseria\Documents\php\backpacker\Application\Runtime\Cache\Dashboard\c9c52909c6ddb54c5a19a95ecd92ae37.php 第 110 行.
NOTIC: [8] Undefined variable: fac D:\Lanseria\Documents\php\backpacker\Application\Runtime\Cache\Dashboard\c9c52909c6ddb54c5a19a95ecd92ae37.php 第 125 行.
NOTIC: [8] Undefined variable: aac D:\Lanseria\Documents\php\backpacker\Application\Runtime\Cache\Dashboard\c9c52909c6ddb54c5a19a95ecd92ae37.php 第 132 行.
INFO: Run Behavior\ParseTemplateBehavior [ RunTime:0.008993s ]
INFO: [ view_parse ] --END-- [ RunTime:0.009048s ]
INFO: [ view_filter ] --START--
INFO: Run Behavior\WriteHtmlCacheBehavior [ RunTime:0.000428s ]
INFO: [ view_filter ] --END-- [ RunTime:0.000473s ]
INFO: [ app_end ] --START--
INFO: Run Behavior\ShowPageTraceBehavior [ RunTime:0.000691s ]
INFO: [ app_end ] --END-- [ RunTime:0.000764s ]

[ 2016-04-07T23:07:36+08:00 ] 127.0.0.1 /Dashboard/Index/index.html?uid=1
INFO: [ app_init ] --START--
INFO: Run Behavior\BuildLiteBehavior [ RunTime:0.000010s ]
INFO: [ app_init ] --END-- [ RunTime:0.000251s ]
INFO: [ app_begin ] --START--
INFO: Run Behavior\ReadHtmlCacheBehavior [ RunTime:0.000321s ]
INFO: [ app_begin ] --END-- [ RunTime:0.000354s ]
SQL: SHOW COLUMNS FROM `b_user` [ RunTime:0.0579s ]
SQL: SELECT * FROM `b_user` WHERE `uid` = 1  [ RunTime:0.0002s ]
INFO: [ view_parse ] --START--
INFO: [ template_filter ] --START--
INFO: Run Behavior\ContentReplaceBehavior [ RunTime:0.000142s ]
INFO: [ template_filter ] --END-- [ RunTime:0.000179s ]
NOTIC: [8] Undefined variable: cac D:\Lanseria\Documents\php\backpacker\Application\Runtime\Cache\Dashboard\a6aea171ad06c649ad5b6850252b68d5.php 第 118 行.
NOTIC: [8] Undefined variable: fac D:\Lanseria\Documents\php\backpacker\Application\Runtime\Cache\Dashboard\a6aea171ad06c649ad5b6850252b68d5.php 第 125 行.
NOTIC: [8] Undefined variable: aac D:\Lanseria\Documents\php\backpacker\Application\Runtime\Cache\Dashboard\a6aea171ad06c649ad5b6850252b68d5.php 第 132 行.
INFO: Run Behavior\ParseTemplateBehavior [ RunTime:0.007626s ]
INFO: [ view_parse ] --END-- [ RunTime:0.007661s ]
INFO: [ view_filter ] --START--
INFO: Run Behavior\WriteHtmlCacheBehavior [ RunTime:0.000212s ]
INFO: [ view_filter ] --END-- [ RunTime:0.000238s ]
INFO: [ app_end ] --START--
INFO: Run Behavior\ShowPageTraceBehavior [ RunTime:0.000577s ]
INFO: [ app_end ] --END-- [ RunTime:0.000644s ]

[ 2016-04-07T23:08:48+08:00 ] 127.0.0.1 /Dashboard/Index/index.html?uid=1
INFO: [ app_init ] --START--
INFO: Run Behavior\BuildLiteBehavior [ RunTime:0.000010s ]
INFO: [ app_init ] --END-- [ RunTime:0.000212s ]
INFO: [ app_begin ] --START--
INFO: Run Behavior\ReadHtmlCacheBehavior [ RunTime:0.000295s ]
INFO: [ app_begin ] --END-- [ RunTime:0.000328s ]
SQL: SHOW COLUMNS FROM `b_user` [ RunTime:0.0025s ]
SQL: SELECT * FROM `b_user` WHERE `uid` = 1  [ RunTime:0.0002s ]
INFO: [ view_parse ] --START--
INFO: [ template_filter ] --START--
INFO: Run Behavior\ContentReplaceBehavior [ RunTime:0.000138s ]
INFO: [ template_filter ] --END-- [ RunTime:0.000179s ]
NOTIC: [8] Undefined variable: cac D:\Lanseria\Documents\php\backpacker\Application\Runtime\Cache\Dashboard\a6aea171ad06c649ad5b6850252b68d5.php 第 118 行.
NOTIC: [8] Undefined variable: fac D:\Lanseria\Documents\php\backpacker\Application\Runtime\Cache\Dashboard\a6aea171ad06c649ad5b6850252b68d5.php 第 125 行.
NOTIC: [8] Undefined variable: aac D:\Lanseria\Documents\php\backpacker\Application\Runtime\Cache\Dashboard\a6aea171ad06c649ad5b6850252b68d5.php 第 132 行.
INFO: Run Behavior\ParseTemplateBehavior [ RunTime:0.008284s ]
INFO: [ view_parse ] --END-- [ RunTime:0.008334s ]
INFO: [ view_filter ] --START--
INFO: Run Behavior\WriteHtmlCacheBehavior [ RunTime:0.000318s ]
INFO: [ view_filter ] --END-- [ RunTime:0.000367s ]
INFO: [ app_end ] --START--
INFO: Run Behavior\ShowPageTraceBehavior [ RunTime:0.000650s ]
INFO: [ app_end ] --END-- [ RunTime:0.000758s ]

[ 2016-04-07T23:09:38+08:00 ] 127.0.0.1 /Dashboard/Index/index.html?uid=1
INFO: [ app_init ] --START--
INFO: Run Behavior\BuildLiteBehavior [ RunTime:0.000107s ]
INFO: [ app_init ] --END-- [ RunTime:0.001592s ]
INFO: [ app_begin ] --START--
INFO: Run Behavior\ReadHtmlCacheBehavior [ RunTime:0.000376s ]
INFO: [ app_begin ] --END-- [ RunTime:0.000423s ]
SQL: SHOW COLUMNS FROM `b_user` [ RunTime:0.0021s ]
SQL: SELECT * FROM `b_user` WHERE `uid` = 1  [ RunTime:0.0002s ]
INFO: [ view_parse ] --START--
INFO: [ template_filter ] --START--
INFO: Run Behavior\ContentReplaceBehavior [ RunTime:0.000246s ]
INFO: [ template_filter ] --END-- [ RunTime:0.000328s ]
NOTIC: [8] Undefined variable: cac D:\Lanseria\Documents\php\backpacker\Application\Runtime\Cache\Dashboard\a6aea171ad06c649ad5b6850252b68d5.php 第 118 行.
NOTIC: [8] Undefined variable: fac D:\Lanseria\Documents\php\backpacker\Application\Runtime\Cache\Dashboard\a6aea171ad06c649ad5b6850252b68d5.php 第 125 行.
NOTIC: [8] Undefined variable: aac D:\Lanseria\Documents\php\backpacker\Application\Runtime\Cache\Dashboard\a6aea171ad06c649ad5b6850252b68d5.php 第 132 行.
INFO: Run Behavior\ParseTemplateBehavior [ RunTime:0.009667s ]
INFO: [ view_parse ] --END-- [ RunTime:0.009718s ]
INFO: [ view_filter ] --START--
INFO: Run Behavior\WriteHtmlCacheBehavior [ RunTime:0.000345s ]
INFO: [ view_filter ] --END-- [ RunTime:0.000386s ]
INFO: [ app_end ] --START--
INFO: Run Behavior\ShowPageTraceBehavior [ RunTime:0.000629s ]
INFO: [ app_end ] --END-- [ RunTime:0.000707s ]

[ 2016-04-07T23:11:11+08:00 ] 127.0.0.1 /Dashboard/Index/index.html?uid=1
INFO: [ app_init ] --START--
INFO: Run Behavior\BuildLiteBehavior [ RunTime:0.000011s ]
INFO: [ app_init ] --END-- [ RunTime:0.000399s ]
INFO: [ app_begin ] --START--
INFO: Run Behavior\ReadHtmlCacheBehavior [ RunTime:0.000373s ]
INFO: [ app_begin ] --END-- [ RunTime:0.000410s ]
SQL: SHOW COLUMNS FROM `b_user` [ RunTime:0.1595s ]
SQL: SELECT * FROM `b_user` WHERE `uid` = 1  [ RunTime:0.0002s ]
INFO: [ view_parse ] --START--
INFO: [ template_filter ] --START--
INFO: Run Behavior\ContentReplaceBehavior [ RunTime:0.000143s ]
INFO: [ template_filter ] --END-- [ RunTime:0.000179s ]
NOTIC: [8] Undefined variable: cac D:\Lanseria\Documents\php\backpacker\Application\Runtime\Cache\Dashboard\a6aea171ad06c649ad5b6850252b68d5.php 第 118 行.
NOTIC: [8] Undefined variable: fac D:\Lanseria\Documents\php\backpacker\Application\Runtime\Cache\Dashboard\a6aea171ad06c649ad5b6850252b68d5.php 第 125 行.
NOTIC: [8] Undefined variable: aac D:\Lanseria\Documents\php\backpacker\Application\Runtime\Cache\Dashboard\a6aea171ad06c649ad5b6850252b68d5.php 第 132 行.
INFO: Run Behavior\ParseTemplateBehavior [ RunTime:0.007553s ]
INFO: [ view_parse ] --END-- [ RunTime:0.007587s ]
INFO: [ view_filter ] --START--
INFO: Run Behavior\WriteHtmlCacheBehavior [ RunTime:0.000216s ]
INFO: [ view_filter ] --END-- [ RunTime:0.000242s ]
INFO: [ app_end ] --START--
INFO: Run Behavior\ShowPageTraceBehavior [ RunTime:0.000572s ]
INFO: [ app_end ] --END-- [ RunTime:0.000645s ]

[ 2016-04-07T23:12:24+08:00 ] 127.0.0.1 /Dashboard/Index/index.html?uid=1
INFO: [ app_init ] --START--
INFO: Run Behavior\BuildLiteBehavior [ RunTime:0.000019s ]
INFO: [ app_init ] --END-- [ RunTime:0.000440s ]
INFO: [ app_begin ] --START--
INFO: Run Behavior\ReadHtmlCacheBehavior [ RunTime:0.000443s ]
INFO: [ app_begin ] --END-- [ RunTime:0.000503s ]
SQL: SHOW COLUMNS FROM `b_user` [ RunTime:0.0037s ]
SQL: SELECT * FROM `b_user` WHERE `uid` = 1  [ RunTime:0.0003s ]
INFO: [ view_parse ] --START--
INFO: [ template_filter ] --START--
INFO: Run Behavior\ContentReplaceBehavior [ RunTime:0.000250s ]
INFO: [ template_filter ] --END-- [ RunTime:0.000313s ]
NOTIC: [8] Undefined variable: cac D:\Lanseria\Documents\php\backpacker\Application\Runtime\Cache\Dashboard\a6aea171ad06c649ad5b6850252b68d5.php 第 118 行.
NOTIC: [8] Undefined variable: fac D:\Lanseria\Documents\php\backpacker\Application\Runtime\Cache\Dashboard\a6aea171ad06c649ad5b6850252b68d5.php 第 125 行.
NOTIC: [8] Undefined variable: aac D:\Lanseria\Documents\php\backpacker\Application\Runtime\Cache\Dashboard\a6aea171ad06c649ad5b6850252b68d5.php 第 132 行.
INFO: Run Behavior\ParseTemplateBehavior [ RunTime:0.011022s ]
INFO: [ view_parse ] --END-- [ RunTime:0.011083s ]
INFO: [ view_filter ] --START--
INFO: Run Behavior\WriteHtmlCacheBehavior [ RunTime:0.000229s ]
INFO: [ view_filter ] --END-- [ RunTime:0.000275s ]
INFO: [ app_end ] --START--
INFO: Run Behavior\ShowPageTraceBehavior [ RunTime:0.000672s ]
INFO: [ app_end ] --END-- [ RunTime:0.000744s ]

[ 2016-04-07T23:13:08+08:00 ] 127.0.0.1 /Dashboard/Index/index.html?uid=1
INFO: [ app_init ] --START--
INFO: Run Behavior\BuildLiteBehavior [ RunTime:0.000010s ]
INFO: [ app_init ] --END-- [ RunTime:0.000274s ]
INFO: [ app_begin ] --START--
INFO: Run Behavior\ReadHtmlCacheBehavior [ RunTime:0.000412s ]
INFO: [ app_begin ] --END-- [ RunTime:0.000447s ]
SQL: SHOW COLUMNS FROM `b_user` [ RunTime:0.0025s ]
SQL: SELECT * FROM `b_user` WHERE `uid` = 1  [ RunTime:0.0003s ]
INFO: [ view_parse ] --START--
INFO: [ template_filter ] --START--
INFO: Run Behavior\ContentReplaceBehavior [ RunTime:0.000140s ]
INFO: [ template_filter ] --END-- [ RunTime:0.000180s ]
NOTIC: [8] Undefined variable: cac D:\Lanseria\Documents\php\backpacker\Application\Runtime\Cache\Dashboard\a6aea171ad06c649ad5b6850252b68d5.php 第 118 行.
NOTIC: [8] Undefined variable: fac D:\Lanseria\Documents\php\backpacker\Application\Runtime\Cache\Dashboard\a6aea171ad06c649ad5b6850252b68d5.php 第 125 行.
NOTIC: [8] Undefined variable: aac D:\Lanseria\Documents\php\backpacker\Application\Runtime\Cache\Dashboard\a6aea171ad06c649ad5b6850252b68d5.php 第 132 行.
INFO: Run Behavior\ParseTemplateBehavior [ RunTime:0.008845s ]
INFO: [ view_parse ] --END-- [ RunTime:0.008904s ]
INFO: [ view_filter ] --START--
INFO: Run Behavior\WriteHtmlCacheBehavior [ RunTime:0.000388s ]
INFO: [ view_filter ] --END-- [ RunTime:0.000444s ]
INFO: [ app_end ] --START--
INFO: Run Behavior\ShowPageTraceBehavior [ RunTime:0.000696s ]
INFO: [ app_end ] --END-- [ RunTime:0.000775s ]

[ 2016-04-07T23:13:21+08:00 ] 127.0.0.1 /Dashboard/Index/index.html?uid=1
INFO: [ app_init ] --START--
INFO: Run Behavior\BuildLiteBehavior [ RunTime:0.000014s ]
INFO: [ app_init ] --END-- [ RunTime:0.000586s ]
INFO: [ app_begin ] --START--
INFO: Run Behavior\ReadHtmlCacheBehavior [ RunTime:0.000407s ]
INFO: [ app_begin ] --END-- [ RunTime:0.000470s ]
SQL: SHOW COLUMNS FROM `b_user` [ RunTime:0.0022s ]
SQL: SELECT * FROM `b_user` WHERE `uid` = 1  [ RunTime:0.0012s ]
INFO: [ view_parse ] --START--
INFO: [ template_filter ] --START--
INFO: Run Behavior\ContentReplaceBehavior [ RunTime:0.000140s ]
INFO: [ template_filter ] --END-- [ RunTime:0.000181s ]
NOTIC: [8] Undefined variable: cac D:\Lanseria\Documents\php\backpacker\Application\Runtime\Cache\Dashboard\a6aea171ad06c649ad5b6850252b68d5.php 第 118 行.
NOTIC: [8] Undefined variable: fac D:\Lanseria\Documents\php\backpacker\Application\Runtime\Cache\Dashboard\a6aea171ad06c649ad5b6850252b68d5.php 第 125 行.
NOTIC: [8] Undefined variable: aac D:\Lanseria\Documents\php\backpacker\Application\Runtime\Cache\Dashboard\a6aea171ad06c649ad5b6850252b68d5.php 第 132 行.
INFO: Run Behavior\ParseTemplateBehavior [ RunTime:0.007744s ]
INFO: [ view_parse ] --END-- [ RunTime:0.007791s ]
INFO: [ view_filter ] --START--
INFO: Run Behavior\WriteHtmlCacheBehavior [ RunTime:0.000252s ]
INFO: [ view_filter ] --END-- [ RunTime:0.000281s ]
INFO: [ app_end ] --START--
INFO: Run Behavior\ShowPageTraceBehavior [ RunTime:0.000799s ]
INFO: [ app_end ] --END-- [ RunTime:0.000871s ]

[ 2016-04-07T23:13:40+08:00 ] 127.0.0.1 /Dashboard/Index/index.html?uid=1
INFO: [ app_init ] --START--
INFO: Run Behavior\BuildLiteBehavior [ RunTime:0.000010s ]
INFO: [ app_init ] --END-- [ RunTime:0.000241s ]
INFO: [ app_begin ] --START--
INFO: Run Behavior\ReadHtmlCacheBehavior [ RunTime:0.000355s ]
INFO: [ app_begin ] --END-- [ RunTime:0.000391s ]
SQL: SHOW COLUMNS FROM `b_user` [ RunTime:0.0796s ]
SQL: SELECT * FROM `b_user` WHERE `uid` = 1  [ RunTime:0.0003s ]
INFO: [ view_parse ] --START--
INFO: [ template_filter ] --START--
INFO: Run Behavior\ContentReplaceBehavior [ RunTime:0.000166s ]
INFO: [ template_filter ] --END-- [ RunTime:0.000207s ]
NOTIC: [8] Undefined variable: cac D:\Lanseria\Documents\php\backpacker\Application\Runtime\Cache\Dashboard\a6aea171ad06c649ad5b6850252b68d5.php 第 118 行.
NOTIC: [8] Undefined variable: fac D:\Lanseria\Documents\php\backpacker\Application\Runtime\Cache\Dashboard\a6aea171ad06c649ad5b6850252b68d5.php 第 125 行.
NOTIC: [8] Undefined variable: aac D:\Lanseria\Documents\php\backpacker\Application\Runtime\Cache\Dashboard\a6aea171ad06c649ad5b6850252b68d5.php 第 132 行.
INFO: Run Behavior\ParseTemplateBehavior [ RunTime:0.008387s ]
INFO: [ view_parse ] --END-- [ RunTime:0.008438s ]
INFO: [ view_filter ] --START--
INFO: Run Behavior\WriteHtmlCacheBehavior [ RunTime:0.000296s ]
INFO: [ view_filter ] --END-- [ RunTime:0.000336s ]
INFO: [ app_end ] --START--
INFO: Run Behavior\ShowPageTraceBehavior [ RunTime:0.000569s ]
INFO: [ app_end ] --END-- [ RunTime:0.000643s ]

[ 2016-04-07T23:13:58+08:00 ] 127.0.0.1 /Dashboard/Index/index.html?uid=1
INFO: [ app_init ] --START--
INFO: Run Behavior\BuildLiteBehavior [ RunTime:0.000015s ]
INFO: [ app_init ] --END-- [ RunTime:0.000260s ]
INFO: [ app_begin ] --START--
INFO: Run Behavior\ReadHtmlCacheBehavior [ RunTime:0.000408s ]
INFO: [ app_begin ] --END-- [ RunTime:0.000461s ]
SQL: SHOW COLUMNS FROM `b_user` [ RunTime:0.0023s ]
SQL: SELECT * FROM `b_user` WHERE `uid` = 1  [ RunTime:0.0002s ]
INFO: [ view_parse ] --START--
INFO: [ template_filter ] --START--
INFO: Run Behavior\ContentReplaceBehavior [ RunTime:0.000141s ]
INFO: [ template_filter ] --END-- [ RunTime:0.000181s ]
NOTIC: [8] Undefined variable: cac D:\Lanseria\Documents\php\backpacker\Application\Runtime\Cache\Dashboard\a6aea171ad06c649ad5b6850252b68d5.php 第 118 行.
NOTIC: [8] Undefined variable: fac D:\Lanseria\Documents\php\backpacker\Application\Runtime\Cache\Dashboard\a6aea171ad06c649ad5b6850252b68d5.php 第 125 行.
NOTIC: [8] Undefined variable: aac D:\Lanseria\Documents\php\backpacker\Application\Runtime\Cache\Dashboard\a6aea171ad06c649ad5b6850252b68d5.php 第 132 行.
INFO: Run Behavior\ParseTemplateBehavior [ RunTime:0.008555s ]
INFO: [ view_parse ] --END-- [ RunTime:0.008590s ]
INFO: [ view_filter ] --START--
INFO: Run Behavior\WriteHtmlCacheBehavior [ RunTime:0.000251s ]
INFO: [ view_filter ] --END-- [ RunTime:0.000278s ]
INFO: [ app_end ] --START--
INFO: Run Behavior\ShowPageTraceBehavior [ RunTime:0.000660s ]
INFO: [ app_end ] --END-- [ RunTime:0.000731s ]

[ 2016-04-07T23:15:17+08:00 ] 127.0.0.1 /Dashboard/Index/index.html?uid=1
INFO: [ app_init ] --START--
INFO: Run Behavior\BuildLiteBehavior [ RunTime:0.000011s ]
INFO: [ app_init ] --END-- [ RunTime:0.000281s ]
INFO: [ app_begin ] --START--
INFO: Run Behavior\ReadHtmlCacheBehavior [ RunTime:0.000770s ]
INFO: [ app_begin ] --END-- [ RunTime:0.000853s ]
SQL: SHOW COLUMNS FROM `b_user` [ RunTime:0.0025s ]
SQL: SELECT * FROM `b_user` WHERE `uid` = 1  [ RunTime:0.0003s ]
INFO: [ view_parse ] --START--
INFO: [ template_filter ] --START--
INFO: Run Behavior\ContentReplaceBehavior [ RunTime:0.000146s ]
INFO: [ template_filter ] --END-- [ RunTime:0.000187s ]
NOTIC: [8] Undefined variable: cac D:\Lanseria\Documents\php\backpacker\Application\Runtime\Cache\Dashboard\a6aea171ad06c649ad5b6850252b68d5.php 第 118 行.
NOTIC: [8] Undefined variable: fac D:\Lanseria\Documents\php\backpacker\Application\Runtime\Cache\Dashboard\a6aea171ad06c649ad5b6850252b68d5.php 第 125 行.
NOTIC: [8] Undefined variable: aac D:\Lanseria\Documents\php\backpacker\Application\Runtime\Cache\Dashboard\a6aea171ad06c649ad5b6850252b68d5.php 第 132 行.
INFO: Run Behavior\ParseTemplateBehavior [ RunTime:0.011230s ]
INFO: [ view_parse ] --END-- [ RunTime:0.011365s ]
INFO: [ view_filter ] --START--
INFO: Run Behavior\WriteHtmlCacheBehavior [ RunTime:0.001149s ]
INFO: [ view_filter ] --END-- [ RunTime:0.001204s ]
INFO: [ app_end ] --START--
INFO: Run Behavior\ShowPageTraceBehavior [ RunTime:0.000626s ]
INFO: [ app_end ] --END-- [ RunTime:0.000695s ]

[ 2016-04-07T23:15:37+08:00 ] 127.0.0.1 /Dashboard/Index/index.html?uid=1
INFO: [ app_init ] --START--
INFO: Run Behavior\BuildLiteBehavior [ RunTime:0.000010s ]
INFO: [ app_init ] --END-- [ RunTime:0.000276s ]
INFO: [ app_begin ] --START--
INFO: Run Behavior\ReadHtmlCacheBehavior [ RunTime:0.000686s ]
INFO: [ app_begin ] --END-- [ RunTime:0.000811s ]
SQL: SHOW COLUMNS FROM `b_user` [ RunTime:0.0022s ]
SQL: SELECT * FROM `b_user` WHERE `uid` = 1  [ RunTime:0.0002s ]
INFO: [ view_parse ] --START--
INFO: [ template_filter ] --START--
INFO: Run Behavior\ContentReplaceBehavior [ RunTime:0.000139s ]
INFO: [ template_filter ] --END-- [ RunTime:0.000180s ]
NOTIC: [8] Undefined variable: cac D:\Lanseria\Documents\php\backpacker\Application\Runtime\Cache\Dashboard\a6aea171ad06c649ad5b6850252b68d5.php 第 118 行.
NOTIC: [8] Undefined variable: fac D:\Lanseria\Documents\php\backpacker\Application\Runtime\Cache\Dashboard\a6aea171ad06c649ad5b6850252b68d5.php 第 125 行.
NOTIC: [8] Undefined variable: aac D:\Lanseria\Documents\php\backpacker\Application\Runtime\Cache\Dashboard\a6aea171ad06c649ad5b6850252b68d5.php 第 132 行.
INFO: Run Behavior\ParseTemplateBehavior [ RunTime:0.008909s ]
INFO: [ view_parse ] --END-- [ RunTime:0.008966s ]
INFO: [ view_filter ] --START--
INFO: Run Behavior\WriteHtmlCacheBehavior [ RunTime:0.000223s ]
INFO: [ view_filter ] --END-- [ RunTime:0.000249s ]
INFO: [ app_end ] --START--
INFO: Run Behavior\ShowPageTraceBehavior [ RunTime:0.000536s ]
INFO: [ app_end ] --END-- [ RunTime:0.000607s ]

[ 2016-04-07T23:16:16+08:00 ] 127.0.0.1 /Dashboard/Goods/see.html?uid=1
INFO: [ app_init ] --START--
INFO: Run Behavior\BuildLiteBehavior [ RunTime:0.000009s ]
INFO: [ app_init ] --END-- [ RunTime:0.000214s ]
INFO: [ app_begin ] --START--
INFO: Run Behavior\ReadHtmlCacheBehavior [ RunTime:0.000299s ]
INFO: [ app_begin ] --END-- [ RunTime:0.000332s ]
SQL: SHOW COLUMNS FROM `b_user` [ RunTime:0.0029s ]
SQL: SELECT * FROM `b_user` WHERE `uid` = 1  [ RunTime:0.0002s ]
SQL: SHOW COLUMNS FROM `b_goods` [ RunTime:0.0027s ]
SQL: SELECT * FROM `b_goods` WHERE `gis_selloff` = 0 ORDER BY gcreate_time desc  [ RunTime:0.0003s ]
INFO: [ view_parse ] --START--
INFO: [ template_filter ] --START--
INFO: Run Behavior\ContentReplaceBehavior [ RunTime:0.000103s ]
INFO: [ template_filter ] --END-- [ RunTime:0.000139s ]
NOTIC: [8] Undefined variable: gac D:\Lanseria\Documents\php\backpacker\Application\Runtime\Cache\Dashboard\c9c52909c6ddb54c5a19a95ecd92ae37.php 第 110 行.
NOTIC: [8] Undefined variable: fac D:\Lanseria\Documents\php\backpacker\Application\Runtime\Cache\Dashboard\c9c52909c6ddb54c5a19a95ecd92ae37.php 第 125 行.
NOTIC: [8] Undefined variable: aac D:\Lanseria\Documents\php\backpacker\Application\Runtime\Cache\Dashboard\c9c52909c6ddb54c5a19a95ecd92ae37.php 第 132 行.
INFO: Run Behavior\ParseTemplateBehavior [ RunTime:0.008605s ]
INFO: [ view_parse ] --END-- [ RunTime:0.008648s ]
INFO: [ view_filter ] --START--
INFO: Run Behavior\WriteHtmlCacheBehavior [ RunTime:0.000231s ]
INFO: [ view_filter ] --END-- [ RunTime:0.000266s ]
INFO: [ app_end ] --START--
INFO: Run Behavior\ShowPageTraceBehavior [ RunTime:0.000637s ]
INFO: [ app_end ] --END-- [ RunTime:0.000726s ]

